Added Component: Designator=C1(CAPC1608X09N)
Added Component: Designator=C2(CAPC1608X09N)
Added Component: Designator=C3(CAPC1608X09N)
Added Component: Designator=C4(CAPC1608X09N)
Added Component: Designator=C5(CAPC1608X09N)
Added Component: Designator=C6(CAPC1608X09N)
Added Component: Designator=C7(CAPC1608X09N)
Added Component: Designator=C8(NICHICON 8x10 CAP)
Added Component: Designator=C9(CAPC3216X18N)
Added Component: Designator=C10(CAPC1608X09N)
Added Component: Designator=C11(CAPC1608X09N)
Added Component: Designator=C12(CAPC1608X09N)
Added Component: Designator=C13(CAPC1608X09N)
Added Component: Designator=C14(PCAP_8x10-ELEC00)
Added Component: Designator=C15(CAP Radial 5mm)
Added Component: Designator=C16(CAP Radial 5mm)
Added Component: Designator=C17(CAPC1608X09N)
Added Component: Designator=C18(CAPC1608X09N)
Added Component: Designator=C19(CAPC1608X09N)
Added Component: Designator=C20(CAPC1608X09N)
Added Component: Designator=C21(CAPC1608X09N)
Added Component: Designator=C22(CAPC1608X09N)
Added Component: Designator=C23(CAPC1608X09N)
Added Component: Designator=C24(CAPC1608X09N)
Added Component: Designator=C25(CAPC1608X09N)
Added Component: Designator=C26(CAPC1608X09N)
Added Component: Designator=C27(CAPC1608X09N)
Added Component: Designator=C28(CAPC1608X09N)
Added Component: Designator=C29(CAPC1608X09N)
Added Component: Designator=C30(CAPC1608X09N)
Added Component: Designator=C31(CAPC1608X09N)
Added Component: Designator=C32(CAPC1608X09N)
Added Component: Designator=C33(CAP_EEFK_D)
Added Component: Designator=C34(CAP_EEFK_D)
Added Component: Designator=C35(CAP_EEFK_D)
Added Component: Designator=C36(CAP_EEFK_D)
Added Component: Designator=C37(CAP Radial 5mm)
Added Component: Designator=C38(CAP Radial 5mm)
Added Component: Designator=C39(CAP Radial 5mm)
Added Component: Designator=C40(CAP Radial 5mm)
Added Component: Designator=C41(CAPC1608X09N)
Added Component: Designator=C42(CAPC1608X09N)
Added Component: Designator=C43(CAPC1608X09N)
Added Component: Designator=C44(CAPC1608X09N)
Added Component: Designator=C45(CAPC1608X09N)
Added Component: Designator=C46(CAPC1608X09N)
Added Component: Designator=C47(CAPC1608X09N)
Added Component: Designator=C48(CAPC1608X09N)
Added Component: Designator=C49(CAPC1608X09N)
Added Component: Designator=C50(CAPC1608X09N)
Added Component: Designator=C51(CAPC1608X09N)
Added Component: Designator=C52(CAPC1608X09N)
Added Component: Designator=C53(CAPC1608X09N)
Added Component: Designator=C54(CAPC1608X09N)
Added Component: Designator=C55(CAP Radial 5mm)
Added Component: Designator=C56(CAPC3216X18N)
Added Component: Designator=C57(CAPC3216X18N)
Added Component: Designator=C58(CAPC3216X18N)
Added Component: Designator=C59(CAPC1608X09N)
Added Component: Designator=C60(CAP Radial 5mm)
Added Component: Designator=C61(CAPC1608X09N)
Added Component: Designator=C62(CAP Radial 5mm)
Added Component: Designator=C63(CAP Radial 5mm)
Added Component: Designator=C64(CAP Radial 5mm)
Added Component: Designator=C65(CAPC1608X09N)
Added Component: Designator=C66(CAPC1608X09N)
Added Component: Designator=D1(ONSEMI DPAK-3)
Added Component: Designator=D2(DIOM1608X08N)
Added Component: Designator=D3(DIOM1608X08N)
Added Component: Designator=D4(DIOM1608X08N)
Added Component: Designator=J1(70543-0002)
Added Component: Designator=J2(90147-1106)
Added Component: Designator=J3(90147-1106)
Added Component: Designator=J4(070543-0001)
Added Component: Designator=J5(70543-0004)
Added Component: Designator=J6(TERMINAL BLOCK 5MM 4POS)
Added Component: Designator=J7(TERMINAL BLOCK 5MM 2POS)
Added Component: Designator=L1(IND_BOURNS_SRP00 - duplicate)
Added Component: Designator=L2(IND_BOURNS_SRN10)
Added Component: Designator=L3(IND_BOURNS_SRN10)
Added Component: Designator=L4(IND_BOURNS_SRN10)
Added Component: Designator=L5(IND_BOURNS_SRN10)
Added Component: Designator=POT1(70543-0002)
Added Component: Designator=POT2(70543-0002)
Added Component: Designator=Q1(MURATA CSTCE8M00G52Z-R0)
Added Component: Designator=Q2(DQH8)
Added Component: Designator=R1(RESC1608X06N)
Added Component: Designator=R2(RESC1608X06N)
Added Component: Designator=R3(RESC1608X06N)
Added Component: Designator=R4(RESC1608X06N)
Added Component: Designator=R5(RESC1608X06N)
Added Component: Designator=R6(RESC1608X06N)
Added Component: Designator=R7(RESC1608X06N)
Added Component: Designator=R8(RESC1608X06N)
Added Component: Designator=R9(RESC1608X06N)
Added Component: Designator=R10(RESC6533X09N)
Added Component: Designator=R11(RESC1608X06N)
Added Component: Designator=R12(RESC1608X06N)
Added Component: Designator=R13(RESC1608X06N)
Added Component: Designator=R14(RESC1608X06N)
Added Component: Designator=R15(RESC1608X06N)
Added Component: Designator=R16(RESC1608X06N)
Added Component: Designator=R17(RESC1608X06N)
Added Component: Designator=R18(RESC1608X06N)
Added Component: Designator=R19(RESC1608X06N)
Added Component: Designator=R20(RESC1608X06N)
Added Component: Designator=R21(RESC1608X06N)
Added Component: Designator=R22(RESC1608X06N)
Added Component: Designator=R23(RESC1608X06N)
Added Component: Designator=R24(RESC1608X06N)
Added Component: Designator=R25(RESC1608X06N)
Added Component: Designator=R26(RESC1608X06N)
Added Component: Designator=R27(RESC1608X06N)
Added Component: Designator=R28(RESC1608X06N)
Added Component: Designator=R29(RESC1608X06N)
Added Component: Designator=R30(RESC1608X06N)
Added Component: Designator=R31(RESC1608X06N)
Added Component: Designator=R32(RESC1608X06N)
Added Component: Designator=R33(RESC1608X06N)
Added Component: Designator=R34(RESC1608X06N)
Added Component: Designator=R35(RESC1608X06N)
Added Component: Designator=R36(RESC1608X06N)
Added Component: Designator=R37(RESC1608X06N)
Added Component: Designator=R38(RESC1608X06N)
Added Component: Designator=R39(RESC1608X06N)
Added Component: Designator=R41(RESC2012X06N)
Added Component: Designator=R42(RESC2012X06N)
Added Component: Designator=R43(RESC2012X06N)
Added Component: Designator=R44(RESC2012X06N)
Added Component: Designator=R45(RESC1608X06N)
Added Component: Designator=R46(RESC1608X06N)
Added Component: Designator=R47(RESC1608X06N)
Added Component: Designator=R48(RESC1608X06N)
Added Component: Designator=R49(RESC1608X06N)
Added Component: Designator=R50(RESC1608X06N)
Added Component: Designator=R51(RESC1608X06N)
Added Component: Designator=R52(RESC1608X06N)
Added Component: Designator=R53(RESC1608X06N)
Added Component: Designator=R54(RESC1608X06N)
Added Component: Designator=R55(RESC1608X06N)
Added Component: Designator=R56(RESC1608X06N)
Added Component: Designator=R57(RESC1608X06N)
Added Component: Designator=R58(RESC1608X06N)
Added Component: Designator=R59(RESC1608X06N)
Added Component: Designator=R60(RESC1608X06N)
Added Component: Designator=R61(RESC1608X06N)
Added Component: Designator=R62(RESC1608X06N)
Added Component: Designator=R63(RESC1608X06N)
Added Component: Designator=R64(RESC1608X06N)
Added Component: Designator=R65(RESC1608X06N)
Added Component: Designator=R66(RESC1608X06N)
Added Component: Designator=R67(RESC1608X06N)
Added Component: Designator=R68(RESC1608X06N)
Added Component: Designator=R69(RESC1608X06N)
Added Component: Designator=R70(RESC1608X06N)
Added Component: Designator=R71(RESC1608X06N)
Added Component: Designator=R72(RESC1608X06N)
Added Component: Designator=R73(RESC1608X06N)
Added Component: Designator=R74(RESC1608X06N)
Added Component: Designator=R75(RESC1608X06N)
Added Component: Designator=R76(RESC1608X06N)
Added Component: Designator=R77(RESC1608X06N)
Added Component: Designator=R78(RESC1608X06N)
Added Component: Designator=R79(RESC1608X06N)
Added Component: Designator=R80(RESC1608X06N)
Added Component: Designator=R81(RESC1608X06N)
Added Component: Designator=S1(70543-0002)
Added Component: Designator=U1(TQFP32-08)
Added Component: Designator=U2(BC127)
Added Component: Designator=U3(DSO-G3/C6.4)
Added Component: Designator=U4(VSSOP10)
Added Component: Designator=U5(SOIC127P600X175-14N)
Added Component: Designator=U6(DAP0032A)
Added Component: Designator=U7(SOIC127P600X175-14N)
Added Component: Designator=U8(SOIC127P600X175-14N)
Added Pin To Net: NetName=DTR Pin=C1-1
Added Pin To Net: NetName=GND Pin=C2-1
Added Pin To Net: NetName=NetC3_2 Pin=C3-2
Added Pin To Net: NetName=GND Pin=C4-1
Added Pin To Net: NetName=VBAT Pin=C4-2
Added Pin To Net: NetName=GND Pin=C5-1
Added Pin To Net: NetName=NetC3_2 Pin=C5-2
Added Pin To Net: NetName=GND Pin=C6-1
Added Pin To Net: NetName=VBAT Pin=C6-2
Added Pin To Net: NetName=GND Pin=C7-1
Added Pin To Net: NetName=VBAT Pin=C7-2
Added Pin To Net: NetName=VBAT Pin=C8-1
Added Pin To Net: NetName=GND Pin=C8-2
Added Pin To Net: NetName=GND Pin=C9-1
Added Pin To Net: NetName=3V3 Pin=C9-2
Added Pin To Net: NetName=GND Pin=C10-1
Added Pin To Net: NetName=NetC10_2 Pin=C10-2
Added Pin To Net: NetName=GND Pin=C11-2
Added Pin To Net: NetName=GND Pin=C12-1
Added Pin To Net: NetName=VSUPPLY Pin=C12-2
Added Pin To Net: NetName=GND Pin=C13-1
Added Pin To Net: NetName=VSUPPLY Pin=C13-2
Added Pin To Net: NetName=VSUPPLY Pin=C14-1
Added Pin To Net: NetName=GND Pin=C14-2
Added Pin To Net: NetName=NetC15_1 Pin=C15-1
Added Pin To Net: NetName=NetC15_2 Pin=C15-2
Added Pin To Net: NetName=GND Pin=C17-1
Added Pin To Net: NetName=VSUPPLY Pin=C17-2
Added Pin To Net: NetName=VSUPPLY Pin=C18-1
Added Pin To Net: NetName=GND Pin=C18-2
Added Pin To Net: NetName=GND Pin=C19-1
Added Pin To Net: NetName=NetC19_2 Pin=C19-2
Added Pin To Net: NetName=GND Pin=C20-1
Added Pin To Net: NetName=GND Pin=C21-1
Added Pin To Net: NetName=VSUPPLY Pin=C21-2
Added Pin To Net: NetName=NetC22_1 Pin=C22-1
Added Pin To Net: NetName=NetC22_2 Pin=C22-2
Added Pin To Net: NetName=NetC23_1 Pin=C23-1
Added Pin To Net: NetName=NetC24_1 Pin=C24-1
Added Pin To Net: NetName=NetC24_2 Pin=C24-2
Added Pin To Net: NetName=NetC25_2 Pin=C25-2
Added Pin To Net: NetName=GND Pin=C26-1
Added Pin To Net: NetName=VSUPPLY Pin=C26-2
Added Pin To Net: NetName=GND Pin=C27-1
Added Pin To Net: NetName=VSUPPLY Pin=C27-2
Added Pin To Net: NetName=GND Pin=C28-1
Added Pin To Net: NetName=VSUPPLY Pin=C28-2
Added Pin To Net: NetName=NetC29_2 Pin=C29-2
Added Pin To Net: NetName=NetC24_2 Pin=C30-1
Added Pin To Net: NetName=NetC30_2 Pin=C30-2
Added Pin To Net: NetName=NetC22_2 Pin=C31-1
Added Pin To Net: NetName=NetC31_2 Pin=C31-2
Added Pin To Net: NetName=NetC25_2 Pin=C32-1
Added Pin To Net: NetName=VSUPPLY Pin=C33-1
Added Pin To Net: NetName=GND Pin=C33-2
Added Pin To Net: NetName=VSUPPLY Pin=C34-1
Added Pin To Net: NetName=GND Pin=C34-2
Added Pin To Net: NetName=VSUPPLY Pin=C35-1
Added Pin To Net: NetName=GND Pin=C35-2
Added Pin To Net: NetName=VSUPPLY Pin=C36-1
Added Pin To Net: NetName=GND Pin=C36-2
Added Pin To Net: NetName=GND Pin=C37-1
Added Pin To Net: NetName=OUT_LOW_P Pin=C37-2
Added Pin To Net: NetName=OUT_LOW_N Pin=C38-1
Added Pin To Net: NetName=GND Pin=C38-2
Added Pin To Net: NetName=GND Pin=C39-1
Added Pin To Net: NetName=OUT_HIGH_P Pin=C39-2
Added Pin To Net: NetName=OUT_HIGH_N Pin=C40-1
Added Pin To Net: NetName=GND Pin=C40-2
Added Pin To Net: NetName=GND Pin=C41-1
Added Pin To Net: NetName=GND Pin=C42-2
Added Pin To Net: NetName=GND Pin=C43-1
Added Pin To Net: NetName=GND Pin=C44-2
Added Pin To Net: NetName=CROSSOVER_IN Pin=C45-1
Added Pin To Net: NetName=GND Pin=C46-1
Added Pin To Net: NetName=NetC47_2 Pin=C47-2
Added Pin To Net: NetName=NetC48_1 Pin=C48-1
Added Pin To Net: NetName=GND Pin=C49-1
Added Pin To Net: NetName=VSUPPLY Pin=C49-2
Added Pin To Net: NetName=GND Pin=C50-1
Added Pin To Net: NetName=VSUPPLY Pin=C50-2
Added Pin To Net: NetName=NetC51_1 Pin=C51-1
Added Pin To Net: NetName=NetC51_2 Pin=C51-2
Added Pin To Net: NetName=GND Pin=C52-1
Added Pin To Net: NetName=NetC51_2 Pin=C53-1
Added Pin To Net: NetName=GND Pin=C55-1
Added Pin To Net: NetName=NetC56_2 Pin=C56-2
Added Pin To Net: NetName=NetC57_1 Pin=C57-1
Added Pin To Net: NetName=GND Pin=C57-2
Added Pin To Net: NetName=GND Pin=C59-1
Added Pin To Net: NetName=VSUPPLY Pin=C59-2
Added Pin To Net: NetName=GND Pin=C61-1
Added Pin To Net: NetName=VSUPPLY Pin=C61-2
Added Pin To Net: NetName=BUFFERED_LOW Pin=C63-2
Added Pin To Net: NetName=BUFFERED_HIGH Pin=C64-2
Added Pin To Net: NetName=GND Pin=C65-1
Added Pin To Net: NetName=VSUPPLY Pin=C65-2
Added Pin To Net: NetName=GND Pin=C66-1
Added Pin To Net: NetName=VSUPPLY Pin=C66-2
Added Pin To Net: NetName=NetD1_1 Pin=D1-1
Added Pin To Net: NetName=VSUPPLY Pin=D1-4
Added Pin To Net: NetName=GRN_LED Pin=D2-1
Added Pin To Net: NetName=NetD2_2 Pin=D2-2
Added Pin To Net: NetName=BLUE_LED Pin=D3-1
Added Pin To Net: NetName=NetD3_2 Pin=D3-2
Added Pin To Net: NetName=RED_LED Pin=D4-1
Added Pin To Net: NetName=NetD4_2 Pin=D4-2
Added Pin To Net: NetName=NetC15_1 Pin=J1-3
Added Pin To Net: NetName=GND Pin=J2-1
Added Pin To Net: NetName=GND Pin=J2-2
Added Pin To Net: NetName=3V3 Pin=J2-3
Added Pin To Net: NetName=TX-O Pin=J2-4
Added Pin To Net: NetName=RX-I Pin=J2-5
Added Pin To Net: NetName=DTR Pin=J2-6
Added Pin To Net: NetName=GND Pin=J3-1
Added Pin To Net: NetName=BC127_CTS Pin=J3-2
Added Pin To Net: NetName=3V3 Pin=J3-3
Added Pin To Net: NetName=BC127_RX Pin=J3-4
Added Pin To Net: NetName=BC127_TX Pin=J3-5
Added Pin To Net: NetName=BC127_RTS Pin=J3-6
Added Pin To Net: NetName=GND Pin=J4-2
Added Pin To Net: NetName=CAP_RTN_1A Pin=J5-1
Added Pin To Net: NetName=CAP_RTN_1B Pin=J5-2
Added Pin To Net: NetName=CAP_RTN_1C Pin=J5-3
Added Pin To Net: NetName=CAP_RTN_2A Pin=J5-4
Added Pin To Net: NetName=CAP_RTN_2B Pin=J5-5
Added Pin To Net: NetName=OUT_LOW_P Pin=J6-1
Added Pin To Net: NetName=OUT_LOW_N Pin=J6-2
Added Pin To Net: NetName=OUT_HIGH_P Pin=J6-3
Added Pin To Net: NetName=OUT_HIGH_N Pin=J6-4
Added Pin To Net: NetName=VBAT Pin=J7-1
Added Pin To Net: NetName=GND Pin=J7-2
Added Pin To Net: NetName=VBAT Pin=L1-1
Added Pin To Net: NetName=NetD1_1 Pin=L1-2
Added Pin To Net: NetName=NetC22_2 Pin=L2-1
Added Pin To Net: NetName=OUT_LOW_P Pin=L2-2
Added Pin To Net: NetName=OUT_LOW_N Pin=L3-2
Added Pin To Net: NetName=NetC24_2 Pin=L4-1
Added Pin To Net: NetName=OUT_HIGH_P Pin=L4-2
Added Pin To Net: NetName=NetC25_2 Pin=L5-1
Added Pin To Net: NetName=OUT_HIGH_N Pin=L5-2
Added Pin To Net: NetName=LOW Pin=POT1-1
Added Pin To Net: NetName=NetPOT1_2 Pin=POT1-2
Added Pin To Net: NetName=GND Pin=POT1-3
Added Pin To Net: NetName=HIGH Pin=POT2-1
Added Pin To Net: NetName=NetPOT2_2 Pin=POT2-2
Added Pin To Net: NetName=GND Pin=POT2-3
Added Pin To Net: NetName=NetQ1_1 Pin=Q1-1
Added Pin To Net: NetName=GND Pin=Q1-2
Added Pin To Net: NetName=NetQ2_1 Pin=Q2-1
Added Pin To Net: NetName=NetQ2_1 Pin=Q2-2
Added Pin To Net: NetName=NetQ2_1 Pin=Q2-3
Added Pin To Net: NetName=NetD1_1 Pin=Q2-5
Added Pin To Net: NetName=NetD1_1 Pin=Q2-6
Added Pin To Net: NetName=NetD1_1 Pin=Q2-7
Added Pin To Net: NetName=NetD1_1 Pin=Q2-8
Added Pin To Net: NetName=3V3 Pin=R1-2
Added Pin To Net: NetName=BC127_RESET Pin=R2-1
Added Pin To Net: NetName=3V3 Pin=R2-2
Added Pin To Net: NetName=GND Pin=R3-1
Added Pin To Net: NetName=GND Pin=R4-1
Added Pin To Net: NetName=NetR4_2 Pin=R4-2
Added Pin To Net: NetName=NetR4_2 Pin=R5-1
Added Pin To Net: NetName=VBAT Pin=R5-2
Added Pin To Net: NetName=VSUPPLY Pin=R6-1
Added Pin To Net: NetName=NetR6_2 Pin=R6-2
Added Pin To Net: NetName=GND Pin=R7-1
Added Pin To Net: NetName=NetR6_2 Pin=R7-2
Added Pin To Net: NetName=NetC10_2 Pin=R8-1
Added Pin To Net: NetName=NetQ2_1 Pin=R8-2
Added Pin To Net: NetName=GND Pin=R9-1
Added Pin To Net: NetName=GND Pin=R10-1
Added Pin To Net: NetName=NetQ2_1 Pin=R10-2
Added Pin To Net: NetName=GND Pin=R11-1
Added Pin To Net: NetName=BC127_LP Pin=R12-1
Added Pin To Net: NetName=BC127_RP Pin=R13-1
Added Pin To Net: NetName=GND Pin=R14-1
Added Pin To Net: NetName=BC127_LN Pin=R15-1
Added Pin To Net: NetName=BC127_RN Pin=R16-1
Added Pin To Net: NetName=NetR17_2 Pin=R17-2
Added Pin To Net: NetName=VSUPPLY Pin=R19-2
Added Pin To Net: NetName=GND Pin=R20-1
Added Pin To Net: NetName=NetC15_2 Pin=R21-1
Added Pin To Net: NetName=NetR21_2 Pin=R21-2
Added Pin To Net: NetName=NetR21_2 Pin=R22-2
Added Pin To Net: NetName=NetR21_2 Pin=R23-2
Added Pin To Net: NetName=NetR21_2 Pin=R25-1
Added Pin To Net: NetName=NetR17_2 Pin=R26-1
Added Pin To Net: NetName=VSUPPLY Pin=R31-2
Added Pin To Net: NetName=GND Pin=R32-1
Added Pin To Net: NetName=JACK_BUFFERED_OUT Pin=R33-2
Added Pin To Net: NetName=GND Pin=R34-1
Added Pin To Net: NetName=JACK_BUFFERED_OUT Pin=R34-2
Added Pin To Net: NetName=BC127_OUT Pin=R35-2
Added Pin To Net: NetName=GND Pin=R36-1
Added Pin To Net: NetName=BC127_OUT Pin=R36-2
Added Pin To Net: NetName=GND Pin=R37-1
Added Pin To Net: NetName=MUTE Pin=R37-2
Added Pin To Net: NetName=VSUPPLY Pin=R38-2
Added Pin To Net: NetName=GND Pin=R39-2
Added Pin To Net: NetName=NetC31_2 Pin=R41-1
Added Pin To Net: NetName=GND Pin=R41-2
Added Pin To Net: NetName=NetC29_2 Pin=R42-1
Added Pin To Net: NetName=GND Pin=R42-2
Added Pin To Net: NetName=NetC30_2 Pin=R43-1
Added Pin To Net: NetName=GND Pin=R43-2
Added Pin To Net: NetName=GND Pin=R44-2
Added Pin To Net: NetName=OUT_LOW_P Pin=R45-2
Added Pin To Net: NetName=OUT_LOW_N Pin=R46-1
Added Pin To Net: NetName=OUT_HIGH_P Pin=R47-2
Added Pin To Net: NetName=OUT_HIGH_N Pin=R48-1
Added Pin To Net: NetName=CROSSOVER_IN Pin=R49-1
Added Pin To Net: NetName=NetC48_1 Pin=R49-2
Added Pin To Net: NetName=NetC48_1 Pin=R50-1
Added Pin To Net: NetName=GND Pin=R51-1
Added Pin To Net: NetName=NetC47_2 Pin=R51-2
Added Pin To Net: NetName=NetC51_1 Pin=R52-2
Added Pin To Net: NetName=GND Pin=R55-2
Added Pin To Net: NetName=NetC51_2 Pin=R56-1
Added Pin To Net: NetName=NetR56_2 Pin=R56-2
Added Pin To Net: NetName=NetR56_2 Pin=R57-1
Added Pin To Net: NetName=HIGH Pin=R57-2
Added Pin To Net: NetName=NetC56_2 Pin=R60-2
Added Pin To Net: NetName=VSUPPLY Pin=R61-2
Added Pin To Net: NetName=GND Pin=R62-1
Added Pin To Net: NetName=NetC56_2 Pin=R63-1
Added Pin To Net: NetName=NetC56_2 Pin=R64-1
Added Pin To Net: NetName=NetC57_1 Pin=R64-2
Added Pin To Net: NetName=GND Pin=R65-1
Added Pin To Net: NetName=NetPOT1_2 Pin=R65-2
Added Pin To Net: NetName=GND Pin=R66-1
Added Pin To Net: NetName=NetPOT2_2 Pin=R66-2
Added Pin To Net: NetName=NetC57_1 Pin=R67-1
Added Pin To Net: NetName=GND Pin=R70-1
Added Pin To Net: NetName=LOW Pin=R72-2
Added Pin To Net: NetName=VSUPPLY Pin=R73-2
Added Pin To Net: NetName=NetD2_2 Pin=R74-1
Added Pin To Net: NetName=3V3 Pin=R74-2
Added Pin To Net: NetName=CAP_DRIVE_1 Pin=R75-1
Added Pin To Net: NetName=CAP_RTN_1A Pin=R75-2
Added Pin To Net: NetName=CAP_DRIVE_1 Pin=R76-1
Added Pin To Net: NetName=CAP_RTN_1B Pin=R76-2
Added Pin To Net: NetName=CAP_DRIVE_1 Pin=R77-1
Added Pin To Net: NetName=CAP_RTN_1C Pin=R77-2
Added Pin To Net: NetName=CAP_DRIVE_2 Pin=R78-1
Added Pin To Net: NetName=CAP_RTN_2A Pin=R78-2
Added Pin To Net: NetName=CAP_DRIVE_2 Pin=R79-1
Added Pin To Net: NetName=CAP_RTN_2B Pin=R79-2
Added Pin To Net: NetName=NetD3_2 Pin=R80-1
Added Pin To Net: NetName=3V3 Pin=R80-2
Added Pin To Net: NetName=NetD4_2 Pin=R81-1
Added Pin To Net: NetName=3V3 Pin=R81-2
Added Pin To Net: NetName=CROSSOVER_IN Pin=S1-1
Added Pin To Net: NetName=BC127_OUT Pin=S1-2
Added Pin To Net: NetName=JACK_BUFFERED_OUT Pin=S1-3
Added Pin To Net: NetName=CAP_RTN_2B Pin=U1-1
Added Pin To Net: NetName=MUTE Pin=U1-2
Added Pin To Net: NetName=GND Pin=U1-3
Added Pin To Net: NetName=3V3 Pin=U1-4
Added Pin To Net: NetName=GND Pin=U1-5
Added Pin To Net: NetName=3V3 Pin=U1-6
Added Pin To Net: NetName=NetQ1_1 Pin=U1-7
Added Pin To Net: NetName=FORWARD Pin=U1-10
Added Pin To Net: NetName=BACK Pin=U1-11
Added Pin To Net: NetName=VOL_UP Pin=U1-12
Added Pin To Net: NetName=VOL_DOWN Pin=U1-13
Added Pin To Net: NetName=PLAY/PAUSE Pin=U1-14
Added Pin To Net: NetName=3V3 Pin=U1-18
Added Pin To Net: NetName=CAP_RTN_1C Pin=U1-19
Added Pin To Net: NetName=GND Pin=U1-21
Added Pin To Net: NetName=BC127_RESET Pin=U1-22
Added Pin To Net: NetName=CAP_DRIVE_1 Pin=U1-23
Added Pin To Net: NetName=CAP_DRIVE_2 Pin=U1-24
Added Pin To Net: NetName=CAP_RTN_1A Pin=U1-25
Added Pin To Net: NetName=CAP_RTN_1B Pin=U1-26
Added Pin To Net: NetName=SDA Pin=U1-27
Added Pin To Net: NetName=SCL Pin=U1-28
Added Pin To Net: NetName=TX-O Pin=U1-30
Added Pin To Net: NetName=RX-I Pin=U1-31
Added Pin To Net: NetName=CAP_RTN_2A Pin=U1-32
Added Pin To Net: NetName=GND Pin=U2-1
Added Pin To Net: NetName=GND Pin=U2-2
Added Pin To Net: NetName=GND Pin=U2-3
Added Pin To Net: NetName=GND Pin=U2-4
Added Pin To Net: NetName=GND Pin=U2-7
Added Pin To Net: NetName=GND Pin=U2-8
Added Pin To Net: NetName=GND Pin=U2-9
Added Pin To Net: NetName=GND Pin=U2-10
Added Pin To Net: NetName=GND Pin=U2-11
Added Pin To Net: NetName=BC127_LN Pin=U2-13
Added Pin To Net: NetName=BC127_LP Pin=U2-14
Added Pin To Net: NetName=BC127_RN Pin=U2-15
Added Pin To Net: NetName=BC127_RP Pin=U2-16
Added Pin To Net: NetName=GND Pin=U2-17
Added Pin To Net: NetName=GND Pin=U2-18
Added Pin To Net: NetName=GND Pin=U2-19
Added Pin To Net: NetName=GND Pin=U2-20
Added Pin To Net: NetName=GND Pin=U2-21
Added Pin To Net: NetName=GND Pin=U2-22
Added Pin To Net: NetName=VOL_UP Pin=U2-23
Added Pin To Net: NetName=VOL_DOWN Pin=U2-24
Added Pin To Net: NetName=BACK Pin=U2-25
Added Pin To Net: NetName=FORWARD Pin=U2-26
Added Pin To Net: NetName=GND Pin=U2-27
Added Pin To Net: NetName=3V3 Pin=U2-32
Added Pin To Net: NetName=3V3 Pin=U2-33
Added Pin To Net: NetName=RED_LED Pin=U2-37
Added Pin To Net: NetName=BLUE_LED Pin=U2-38
Added Pin To Net: NetName=GRN_LED Pin=U2-39
Added Pin To Net: NetName=BC127_CTS Pin=U2-40
Added Pin To Net: NetName=BC127_TX Pin=U2-41
Added Pin To Net: NetName=BC127_RX Pin=U2-42
Added Pin To Net: NetName=BC127_RTS Pin=U2-43
Added Pin To Net: NetName=BC127_RESET Pin=U2-44
Added Pin To Net: NetName=PLAY/PAUSE Pin=U2-50
Added Pin To Net: NetName=VBAT Pin=U3-1
Added Pin To Net: NetName=GND Pin=U3-2
Added Pin To Net: NetName=3V3 Pin=U3-3
Added Pin To Net: NetName=GND Pin=U3-4
Added Pin To Net: NetName=NetC10_2 Pin=U4-1
Added Pin To Net: NetName=NetR4_2 Pin=U4-2
Added Pin To Net: NetName=NetC3_2 Pin=U4-3
Added Pin To Net: NetName=NetR6_2 Pin=U4-4
Added Pin To Net: NetName=GND Pin=U4-5
Added Pin To Net: NetName=GND Pin=U4-7
Added Pin To Net: NetName=VBAT Pin=U4-10
Added Pin To Net: NetName=NetR17_2 Pin=U5-1
Added Pin To Net: NetName=VSUPPLY Pin=U5-4
Added Pin To Net: NetName=GND Pin=U5-11
Added Pin To Net: NetName=GND Pin=U6-1
Added Pin To Net: NetName=BUFFERED_LOW Pin=U6-4
Added Pin To Net: NetName=GND Pin=U6-5
Added Pin To Net: NetName=GND Pin=U6-9
Added Pin To Net: NetName=BUFFERED_HIGH Pin=U6-10
Added Pin To Net: NetName=GND Pin=U6-11
Added Pin To Net: NetName=MUTE Pin=U6-12
Added Pin To Net: NetName=GND Pin=U6-13
Added Pin To Net: NetName=GND Pin=U6-14
Added Pin To Net: NetName=GND Pin=U6-15
Added Pin To Net: NetName=VSUPPLY Pin=U6-17
Added Pin To Net: NetName=VSUPPLY Pin=U6-18
Added Pin To Net: NetName=VSUPPLY Pin=U6-19
Added Pin To Net: NetName=NetC25_2 Pin=U6-21
Added Pin To Net: NetName=GND Pin=U6-22
Added Pin To Net: NetName=NetC24_2 Pin=U6-23
Added Pin To Net: NetName=NetC24_1 Pin=U6-24
Added Pin To Net: NetName=GND Pin=U6-25
Added Pin To Net: NetName=NetC23_1 Pin=U6-26
Added Pin To Net: NetName=GND Pin=U6-28
Added Pin To Net: NetName=NetC22_2 Pin=U6-29
Added Pin To Net: NetName=NetC22_1 Pin=U6-30
Added Pin To Net: NetName=VSUPPLY Pin=U6-31
Added Pin To Net: NetName=VSUPPLY Pin=U6-32
Added Pin To Net: NetName=GND Pin=U6-33
Added Pin To Net: NetName=VSUPPLY Pin=U7-4
Added Pin To Net: NetName=NetC51_1 Pin=U7-8
Added Pin To Net: NetName=NetC51_1 Pin=U7-9
Added Pin To Net: NetName=NetC47_2 Pin=U7-10
Added Pin To Net: NetName=GND Pin=U7-11
Added Pin To Net: NetName=NetR56_2 Pin=U7-13
Added Pin To Net: NetName=NetR56_2 Pin=U7-14
Added Pin To Net: NetName=NetC56_2 Pin=U8-3
Added Pin To Net: NetName=VSUPPLY Pin=U8-4
Added Pin To Net: NetName=NetPOT1_2 Pin=U8-10
Added Pin To Net: NetName=GND Pin=U8-11
Added Pin To Net: NetName=NetPOT2_2 Pin=U8-12
Added Pin To Net: NetName=NetC1_2 Pin=C1-2
Added Pin To Net: NetName=NetC1_2 Pin=R1-1
Added Pin To Net: NetName=NetC1_2 Pin=U1-29
Added Net: Name=NetC1_2
Added Pin To Net: NetName=NetC2_2 Pin=C2-2
Added Pin To Net: NetName=NetC2_2 Pin=U1-20
Added Net: Name=NetC2_2
Added Pin To Net: NetName=NetC3_1 Pin=C3-1
Added Pin To Net: NetName=NetC3_1 Pin=R3-2
Added Net: Name=NetC3_1
Added Pin To Net: NetName=NetC11_1 Pin=C11-1
Added Pin To Net: NetName=NetC11_1 Pin=U4-9
Added Net: Name=NetC11_1
Added Pin To Net: NetName=NetC16_1 Pin=C16-1
Added Pin To Net: NetName=NetC16_1 Pin=J1-2
Added Net: Name=NetC16_1
Added Pin To Net: NetName=NetC16_2 Pin=C16-2
Added Pin To Net: NetName=NetC16_2 Pin=R22-1
Added Net: Name=NetC16_2
Added Pin To Net: NetName=NetC20_2 Pin=C20-2
Added Pin To Net: NetName=NetC20_2 Pin=R39-1
Added Pin To Net: NetName=NetC20_2 Pin=U6-6
Added Pin To Net: NetName=NetC20_2 Pin=U6-7
Added Pin To Net: NetName=NetC20_2 Pin=U6-8
Added Net: Name=NetC20_2
Added Pin To Net: NetName=NetC23_2 Pin=C23-2
Added Pin To Net: NetName=NetC23_2 Pin=C29-1
Added Pin To Net: NetName=NetC23_2 Pin=L3-1
Added Pin To Net: NetName=NetC23_2 Pin=U6-27
Added Net: Name=NetC23_2
Added Pin To Net: NetName=NetC25_1 Pin=C25-1
Added Pin To Net: NetName=NetC25_1 Pin=U6-20
Added Net: Name=NetC25_1
Added Pin To Net: NetName=NetC32_2 Pin=C32-2
Added Pin To Net: NetName=NetC32_2 Pin=R44-1
Added Net: Name=NetC32_2
Added Pin To Net: NetName=NetC41_2 Pin=C41-2
Added Pin To Net: NetName=NetC41_2 Pin=R45-1
Added Net: Name=NetC41_2
Added Pin To Net: NetName=NetC42_1 Pin=C42-1
Added Pin To Net: NetName=NetC42_1 Pin=R46-2
Added Net: Name=NetC42_1
Added Pin To Net: NetName=NetC43_2 Pin=C43-2
Added Pin To Net: NetName=NetC43_2 Pin=R47-1
Added Net: Name=NetC43_2
Added Pin To Net: NetName=NetC44_1 Pin=C44-1
Added Pin To Net: NetName=NetC44_1 Pin=R48-2
Added Net: Name=NetC44_1
Added Pin To Net: NetName=NetC45_2 Pin=C45-2
Added Pin To Net: NetName=NetC45_2 Pin=C47-1
Added Pin To Net: NetName=NetC45_2 Pin=R52-1
Added Net: Name=NetC45_2
Added Pin To Net: NetName=NetC46_2 Pin=C46-2
Added Pin To Net: NetName=NetC46_2 Pin=R50-2
Added Pin To Net: NetName=NetC46_2 Pin=U7-3
Added Net: Name=NetC46_2
Added Pin To Net: NetName=NetC48_2 Pin=C48-2
Added Pin To Net: NetName=NetC48_2 Pin=R53-1
Added Pin To Net: NetName=NetC48_2 Pin=U7-1
Added Pin To Net: NetName=NetC48_2 Pin=U7-2
Added Net: Name=NetC48_2
Added Pin To Net: NetName=NetC52_2 Pin=C52-2
Added Pin To Net: NetName=NetC52_2 Pin=R54-2
Added Pin To Net: NetName=NetC52_2 Pin=U7-5
Added Net: Name=NetC52_2
Added Pin To Net: NetName=NetC53_2 Pin=C53-2
Added Pin To Net: NetName=NetC53_2 Pin=R55-1
Added Pin To Net: NetName=NetC53_2 Pin=U7-12
Added Net: Name=NetC53_2
Added Pin To Net: NetName=NetC54_1 Pin=C54-1
Added Pin To Net: NetName=NetC54_1 Pin=R53-2
Added Pin To Net: NetName=NetC54_1 Pin=R54-1
Added Net: Name=NetC54_1
Added Pin To Net: NetName=NetC54_2 Pin=C54-2
Added Pin To Net: NetName=NetC54_2 Pin=R58-1
Added Pin To Net: NetName=NetC54_2 Pin=R59-1
Added Pin To Net: NetName=NetC54_2 Pin=U7-6
Added Pin To Net: NetName=NetC54_2 Pin=U7-7
Added Net: Name=NetC54_2
Added Pin To Net: NetName=NetC55_2 Pin=C55-2
Added Pin To Net: NetName=NetC55_2 Pin=R59-2
Added Pin To Net: NetName=NetC55_2 Pin=R60-1
Added Net: Name=NetC55_2
Added Pin To Net: NetName=NetC56_1 Pin=C56-1
Added Pin To Net: NetName=NetC56_1 Pin=R58-2
Added Net: Name=NetC56_1
Added Pin To Net: NetName=NetC58_1 Pin=C58-1
Added Pin To Net: NetName=NetC58_1 Pin=R63-2
Added Net: Name=NetC58_1
Added Pin To Net: NetName=NetC58_2 Pin=C58-2
Added Pin To Net: NetName=NetC58_2 Pin=C60-1
Added Pin To Net: NetName=NetC58_2 Pin=R67-2
Added Pin To Net: NetName=NetC58_2 Pin=U8-1
Added Net: Name=NetC58_2
Added Pin To Net: NetName=NetC60_2 Pin=C60-2
Added Pin To Net: NetName=NetC60_2 Pin=C62-1
Added Pin To Net: NetName=NetC60_2 Pin=R71-1
Added Net: Name=NetC60_2
Added Pin To Net: NetName=NetC62_2 Pin=C62-2
Added Pin To Net: NetName=NetC62_2 Pin=R70-2
Added Pin To Net: NetName=NetC62_2 Pin=U8-5
Added Net: Name=NetC62_2
Added Pin To Net: NetName=NetC63_1 Pin=C63-1
Added Pin To Net: NetName=NetC63_1 Pin=R68-2
Added Net: Name=NetC63_1
Added Pin To Net: NetName=NetC64_1 Pin=C64-1
Added Pin To Net: NetName=NetC64_1 Pin=R69-2
Added Net: Name=NetC64_1
Added Pin To Net: NetName=NetJ1_1 Pin=J1-1
Added Pin To Net: NetName=NetJ1_1 Pin=R19-1
Added Pin To Net: NetName=NetJ1_1 Pin=R20-2
Added Pin To Net: NetName=NetJ1_1 Pin=R23-1
Added Pin To Net: NetName=NetJ1_1 Pin=R24-1
Added Net: Name=NetJ1_1
Added Pin To Net: NetName=NetJ4_1 Pin=J4-1
Added Pin To Net: NetName=NetJ4_1 Pin=R73-1
Added Net: Name=NetJ4_1
Added Pin To Net: NetName=NetQ1_3 Pin=Q1-3
Added Pin To Net: NetName=NetQ1_3 Pin=U1-8
Added Net: Name=NetQ1_3
Added Pin To Net: NetName=NetQ2_4 Pin=Q2-4
Added Pin To Net: NetName=NetQ2_4 Pin=U4-8
Added Net: Name=NetQ2_4
Added Pin To Net: NetName=NetR9_2 Pin=R9-2
Added Pin To Net: NetName=NetR9_2 Pin=U4-6
Added Net: Name=NetR9_2
Added Pin To Net: NetName=NetR11_2 Pin=R11-2
Added Pin To Net: NetName=NetR11_2 Pin=R17-1
Added Pin To Net: NetName=NetR11_2 Pin=U5-3
Added Net: Name=NetR11_2
Added Pin To Net: NetName=NetR12_2 Pin=R12-2
Added Pin To Net: NetName=NetR12_2 Pin=R13-2
Added Pin To Net: NetName=NetR12_2 Pin=U5-2
Added Net: Name=NetR12_2
Added Pin To Net: NetName=NetR14_2 Pin=R14-2
Added Pin To Net: NetName=NetR14_2 Pin=R18-1
Added Pin To Net: NetName=NetR14_2 Pin=U5-5
Added Net: Name=NetR14_2
Added Pin To Net: NetName=NetR15_2 Pin=R15-2
Added Pin To Net: NetName=NetR15_2 Pin=R16-2
Added Pin To Net: NetName=NetR15_2 Pin=U5-6
Added Net: Name=NetR15_2
Added Pin To Net: NetName=NetR18_2 Pin=R18-2
Added Pin To Net: NetName=NetR18_2 Pin=R27-1
Added Pin To Net: NetName=NetR18_2 Pin=U5-7
Added Net: Name=NetR18_2
Added Pin To Net: NetName=NetR24_2 Pin=R24-2
Added Pin To Net: NetName=NetR24_2 Pin=R28-1
Added Pin To Net: NetName=NetR24_2 Pin=U5-13
Added Net: Name=NetR24_2
Added Pin To Net: NetName=NetR25_2 Pin=R25-2
Added Pin To Net: NetName=NetR25_2 Pin=U5-12
Added Net: Name=NetR25_2
Added Pin To Net: NetName=NetR26_2 Pin=R26-2
Added Pin To Net: NetName=NetR26_2 Pin=R29-1
Added Pin To Net: NetName=NetR26_2 Pin=U5-10
Added Net: Name=NetR26_2
Added Pin To Net: NetName=NetR27_2 Pin=R27-2
Added Pin To Net: NetName=NetR27_2 Pin=R30-2
Added Pin To Net: NetName=NetR27_2 Pin=U5-9
Added Net: Name=NetR27_2
Added Pin To Net: NetName=NetR29_2 Pin=R29-2
Added Pin To Net: NetName=NetR29_2 Pin=R31-1
Added Pin To Net: NetName=NetR29_2 Pin=R32-2
Added Net: Name=NetR29_2
Added Pin To Net: NetName=NetR30_1 Pin=R30-1
Added Pin To Net: NetName=NetR30_1 Pin=R35-1
Added Pin To Net: NetName=NetR30_1 Pin=U5-8
Added Net: Name=NetR30_1
Added Pin To Net: NetName=NetR33_1 Pin=R33-1
Added Pin To Net: NetName=NetR33_1 Pin=U5-14
Added Net: Name=NetR33_1
Added Pin To Net: NetName=NetR38_1 Pin=R38-1
Added Pin To Net: NetName=NetR38_1 Pin=U6-2
Added Pin To Net: NetName=NetR38_1 Pin=U6-3
Added Net: Name=NetR38_1
Added Pin To Net: NetName=NetR40_2 Pin=U6-16
Added Net: Name=NetR40_2
Added Pin To Net: NetName=NetR61_1 Pin=R61-1
Added Pin To Net: NetName=NetR61_1 Pin=R62-2
Added Pin To Net: NetName=NetR61_1 Pin=U8-2
Added Net: Name=NetR61_1
Added Pin To Net: NetName=NetR68_1 Pin=R68-1
Added Pin To Net: NetName=NetR68_1 Pin=U8-8
Added Pin To Net: NetName=NetR68_1 Pin=U8-9
Added Net: Name=NetR68_1
Added Pin To Net: NetName=NetR69_1 Pin=R69-1
Added Pin To Net: NetName=NetR69_1 Pin=U8-13
Added Pin To Net: NetName=NetR69_1 Pin=U8-14
Added Net: Name=NetR69_1
Added Pin To Net: NetName=NetR71_2 Pin=R71-2
Added Pin To Net: NetName=NetR71_2 Pin=R72-1
Added Pin To Net: NetName=NetR71_2 Pin=U8-6
Added Pin To Net: NetName=NetR71_2 Pin=U8-7
Added Net: Name=NetR71_2
Added Member To Class: ClassName=ICs Member=Component C1 0.1uF
Added Member To Class: ClassName=ICs Member=Component C2 0.1uF
Added Member To Class: ClassName=Power_Supply Member=Component C3 0.18uF
Added Member To Class: ClassName=Power_Supply Member=Component C4 0.1uF
Added Member To Class: ClassName=Power_Supply Member=Component C5 0.01uF
Added Member To Class: ClassName=Power_Supply Member=Component C6 1uF
Added Member To Class: ClassName=Power_Supply Member=Component C7 1uF
Added Member To Class: ClassName=Power_Supply Member=Component C8 470uF
Added Member To Class: ClassName=Power_Supply Member=Component C9 10uF
Added Member To Class: ClassName=Power_Supply Member=Component C10 2200pF
Added Member To Class: ClassName=Power_Supply Member=Component C11 0.47uF
Added Member To Class: ClassName=Power_Supply Member=Component C12 1uF
Added Member To Class: ClassName=Power_Supply Member=Component C13 1uF
Added Member To Class: ClassName=Power_Supply Member=Component C14 100uF
Added Member To Class: ClassName=Input_Section Member=Component C15 1uF
Added Member To Class: ClassName=Input_Section Member=Component C16 1uF
Added Member To Class: ClassName=Input_Section Member=Component C17 10nF
Added Member To Class: ClassName=Input_Section Member=Component C18 1uF
Added Member To Class: ClassName=Power_Section Member=Component C19 47pF
Added Member To Class: ClassName=Power_Section Member=Component C20 1uF
Added Member To Class: ClassName=Power_Section Member=Component C21 1000pF
Added Member To Class: ClassName=Power_Section Member=Component C22 0.22uF
Added Member To Class: ClassName=Power_Section Member=Component C23 0.22uF
Added Member To Class: ClassName=Power_Section Member=Component C24 0.22uF
Added Member To Class: ClassName=Power_Section Member=Component C25 0.22uF
Added Member To Class: ClassName=Power_Section Member=Component C26 1000pF
Added Member To Class: ClassName=Power_Section Member=Component C27 0.1uF
Added Member To Class: ClassName=Power_Section Member=Component C28 0.1uF
Added Member To Class: ClassName=Power_Section Member=Component C29 330pF
Added Member To Class: ClassName=Power_Section Member=Component C30 330pF
Added Member To Class: ClassName=Power_Section Member=Component C31 330pF
Added Member To Class: ClassName=Power_Section Member=Component C32 330pF
Added Member To Class: ClassName=Power_Section Member=Component C33 47uF
Added Member To Class: ClassName=Power_Section Member=Component C34 47uF
Added Member To Class: ClassName=Power_Section Member=Component C35 47uF
Added Member To Class: ClassName=Power_Section Member=Component C36 47uF
Added Member To Class: ClassName=Power_Section Member=Component C37 0.68uF
Added Member To Class: ClassName=Power_Section Member=Component C38 0.68uF
Added Member To Class: ClassName=Power_Section Member=Component C39 0.68uF
Added Member To Class: ClassName=Power_Section Member=Component C40 0.68uF
Added Member To Class: ClassName=Power_Section Member=Component C41 0.01uF
Added Member To Class: ClassName=Power_Section Member=Component C42 0.01uF
Added Member To Class: ClassName=Power_Section Member=Component C43 0.01uF
Added Member To Class: ClassName=Power_Section Member=Component C44 0.01uF
Added Member To Class: ClassName=Filter_Section Member=Component C45 2200pF
Added Member To Class: ClassName=Filter_Section Member=Component C46 2200pF
Added Member To Class: ClassName=Filter_Section Member=Component C47 2200pF
Added Member To Class: ClassName=Filter_Section Member=Component C48 4700pF
Added Member To Class: ClassName=Filter_Section Member=Component C49 10nF
Added Member To Class: ClassName=Filter_Section Member=Component C50 1uF
Added Member To Class: ClassName=Filter_Section Member=Component C51 2200pF
Added Member To Class: ClassName=Filter_Section Member=Component C52 2200pF
Added Member To Class: ClassName=Filter_Section Member=Component C53 2200pF
Added Member To Class: ClassName=Filter_Section Member=Component C54 4700pF
Added Member To Class: ClassName=Filter_Section Member=Component C55 0.39uF
Added Member To Class: ClassName=Filter_Section Member=Component C56 0.068uF
Added Member To Class: ClassName=Filter_Section Member=Component C57 0.1uF
Added Member To Class: ClassName=Filter_Section Member=Component C58 0.068uF
Added Member To Class: ClassName=Filter_Section Member=Component C59 10nF
Added Member To Class: ClassName=Filter_Section Member=Component C60 0.22uF
Added Member To Class: ClassName=Filter_Section Member=Component C61 1uF
Added Member To Class: ClassName=Filter_Section Member=Component C62 0.22uF
Added Member To Class: ClassName=Filter_Section Member=Component C63 1uF
Added Member To Class: ClassName=Filter_Section Member=Component C64 1uF
Added Member To Class: ClassName=Filter_Section Member=Component C65 10nF
Added Member To Class: ClassName=Filter_Section Member=Component C66 1uF
Added Member To Class: ClassName=Power_Supply Member=Component D1 #NAME?
Added Member To Class: ClassName=Connectors Member=Component D2 LED 0603
Added Member To Class: ClassName=Connectors Member=Component D3 LED 0603
Added Member To Class: ClassName=Connectors Member=Component D4 LED 0603
Added Member To Class: ClassName=Input_Section Member=Component J1 3.5mm Audio Jack
Added Member To Class: ClassName=Connectors Member=Component J2 6POS THRU HOLE 2.54MM
Added Member To Class: ClassName=Connectors Member=Component J3 6POS THRU HOLE 2.54MM
Added Member To Class: ClassName=Connectors Member=Component J4 2POS THRU HOLE 2.54MM
Added Member To Class: ClassName=Connectors Member=Component J5 5POS THRU HOLE 2.54MM
Added Member To Class: ClassName=Connectors Member=Component J6 TERMINAL BLOCK 4POS
Added Member To Class: ClassName=Connectors Member=Component J7 TERMINAL BLOCK 2POS
Added Member To Class: ClassName=Power_Supply Member=Component L1 3.3uH
Added Member To Class: ClassName=Power_Section Member=Component L2 10uH
Added Member To Class: ClassName=Power_Section Member=Component L3 10uH
Added Member To Class: ClassName=Power_Section Member=Component L4 10uH
Added Member To Class: ClassName=Power_Section Member=Component L5 10uH
Added Member To Class: ClassName=Filter_Section Member=Component POT1 Pot
Added Member To Class: ClassName=Filter_Section Member=Component POT2 Pot
Added Member To Class: ClassName=ICs Member=Component Q1 8MHZ Resonator
Added Member To Class: ClassName=Power_Supply Member=Component Q2 CSD16321Q5_DQH_8
Added Member To Class: ClassName=ICs Member=Component R1 10k
Added Member To Class: ClassName=ICs Member=Component R2 10k
Added Member To Class: ClassName=Power_Supply Member=Component R3 1.3K
Added Member To Class: ClassName=Power_Supply Member=Component R4 45.3K
Added Member To Class: ClassName=Power_Supply Member=Component R5 41.2k
Added Member To Class: ClassName=Power_Supply Member=Component R6 8.45K
Added Member To Class: ClassName=Power_Supply Member=Component R7 1k
Added Member To Class: ClassName=Power_Supply Member=Component R8 100R
Added Member To Class: ClassName=Power_Supply Member=Component R9 64.9K
Added Member To Class: ClassName=Power_Supply Member=Component R10 0.004R
Added Member To Class: ClassName=Input_Section Member=Component R11 10k
Added Member To Class: ClassName=Input_Section Member=Component R12 1k
Added Member To Class: ClassName=Input_Section Member=Component R13 1k
Added Member To Class: ClassName=Input_Section Member=Component R14 10k
Added Member To Class: ClassName=Input_Section Member=Component R15 1k
Added Member To Class: ClassName=Input_Section Member=Component R16 1k
Added Member To Class: ClassName=Input_Section Member=Component R17 10k
Added Member To Class: ClassName=Input_Section Member=Component R18 10k
Added Member To Class: ClassName=Input_Section Member=Component R19 10k
Added Member To Class: ClassName=Input_Section Member=Component R20 10k
Added Member To Class: ClassName=Input_Section Member=Component R21 1k
Added Member To Class: ClassName=Input_Section Member=Component R22 1k
Added Member To Class: ClassName=Input_Section Member=Component R23 100K
Added Member To Class: ClassName=Input_Section Member=Component R24 10k
Added Member To Class: ClassName=Input_Section Member=Component R25 1k
Added Member To Class: ClassName=Input_Section Member=Component R26 10k
Added Member To Class: ClassName=Input_Section Member=Component R27 10k
Added Member To Class: ClassName=Input_Section Member=Component R28 10k
Added Member To Class: ClassName=Input_Section Member=Component R29 10k
Added Member To Class: ClassName=Input_Section Member=Component R30 10k
Added Member To Class: ClassName=Input_Section Member=Component R31 10k
Added Member To Class: ClassName=Input_Section Member=Component R32 10k
Added Member To Class: ClassName=Input_Section Member=Component R33 1k
Added Member To Class: ClassName=Input_Section Member=Component R34 100K
Added Member To Class: ClassName=Input_Section Member=Component R35 1k
Added Member To Class: ClassName=Input_Section Member=Component R36 100K
Added Member To Class: ClassName=Power_Section Member=Component R37 100K
Added Member To Class: ClassName=Power_Section Member=Component R38 100K
Added Member To Class: ClassName=Power_Section Member=Component R39 5.6K
Added Member To Class: ClassName=Power_Section Member=Component R41 10R
Added Member To Class: ClassName=Power_Section Member=Component R42 10R
Added Member To Class: ClassName=Power_Section Member=Component R43 10R
Added Member To Class: ClassName=Power_Section Member=Component R44 10R
Added Member To Class: ClassName=Power_Section Member=Component R45 3.32R
Added Member To Class: ClassName=Power_Section Member=Component R46 3.32R
Added Member To Class: ClassName=Power_Section Member=Component R47 3.32R
Added Member To Class: ClassName=Power_Section Member=Component R48 3.32R
Added Member To Class: ClassName=Filter_Section Member=Component R49 10k
Added Member To Class: ClassName=Filter_Section Member=Component R50 10k
Added Member To Class: ClassName=Filter_Section Member=Component R51 20K
Added Member To Class: ClassName=Filter_Section Member=Component R52 10k
Added Member To Class: ClassName=Filter_Section Member=Component R53 10k
Added Member To Class: ClassName=Filter_Section Member=Component R54 10k
Added Member To Class: ClassName=Filter_Section Member=Component R55 20K
Added Member To Class: ClassName=Filter_Section Member=Component R56 10k
Added Member To Class: ClassName=Filter_Section Member=Component R57 100R
Added Member To Class: ClassName=Filter_Section Member=Component R58 13k
Added Member To Class: ClassName=Filter_Section Member=Component R59 9K
Added Member To Class: ClassName=Filter_Section Member=Component R60 9K
Added Member To Class: ClassName=Filter_Section Member=Component R61 10k
Added Member To Class: ClassName=Filter_Section Member=Component R62 10k
Added Member To Class: ClassName=Filter_Section Member=Component R63 13k
Added Member To Class: ClassName=Filter_Section Member=Component R64 35K
Added Member To Class: ClassName=Filter_Section Member=Component R65 10k
Added Member To Class: ClassName=Filter_Section Member=Component R66 10k
Added Member To Class: ClassName=Filter_Section Member=Component R67 35K
Added Member To Class: ClassName=Filter_Section Member=Component R68 100R
Added Member To Class: ClassName=Filter_Section Member=Component R69 100R
Added Member To Class: ClassName=Filter_Section Member=Component R70 30K
Added Member To Class: ClassName=Filter_Section Member=Component R71 15K
Added Member To Class: ClassName=Filter_Section Member=Component R72 100R
Added Member To Class: ClassName=Connectors Member=Component R73 470R
Added Member To Class: ClassName=Connectors Member=Component R74 470R
Added Member To Class: ClassName=Connectors Member=Component R75 1M
Added Member To Class: ClassName=Connectors Member=Component R76 1M
Added Member To Class: ClassName=Connectors Member=Component R77 1M
Added Member To Class: ClassName=Connectors Member=Component R78 1M
Added Member To Class: ClassName=Connectors Member=Component R79 1M
Added Member To Class: ClassName=Connectors Member=Component R80 470R
Added Member To Class: ClassName=Connectors Member=Component R81 470R
Added Member To Class: ClassName=Input_Section Member=Component S1 SPDT Switch
Added Member To Class: ClassName=ICs Member=Component U1 ATMEGA328P_TQFP
Added Member To Class: ClassName=ICs Member=Component U2 BC127
Added Member To Class: ClassName=Power_Supply Member=Component U3 LM2937IMP-3.3/NOPB
Added Member To Class: ClassName=Power_Supply Member=Component U4 LM3481
Added Member To Class: ClassName=Input_Section Member=Component U5 OPA4134UA
Added Member To Class: ClassName=Power_Section Member=Component U6 TPA3116D2
Added Member To Class: ClassName=Filter_Section Member=Component U7 OPA4134UA
Added Member To Class: ClassName=Filter_Section Member=Component U8 OPA4134UA
Added Room: Name=Connectors
Added Room: Name=Filter_Section
Added Room: Name=ICs
Added Room: Name=Input_Section
Added Room: Name=Power_Section
Added Room: Name=Power_Supply
