Added Component: Designator=C7(CAP Radial 5mm)
Added Component: Designator=C8(CAP Radial 5mm)
Added Pin To Net: NetName=NetC7_1 Pin=C7-1
Added Pin To Net: NetName=NetC7_1 Pin=R9-2
Added Pin To Net: NetName=NetC7_1 Pin=U3-1
Added Net: Name=NetC7_1
Added Pin To Net: NetName=NetC7_2 Pin=C7-2
Added Pin To Net: NetName=NetC7_2 Pin=R18-2
Added Pin To Net: NetName=NetC7_2 Pin=R20-1
Added Net: Name=NetC7_2
Added Pin To Net: NetName=NetC8_1 Pin=C8-1
Added Pin To Net: NetName=NetC8_1 Pin=R10-2
Added Pin To Net: NetName=NetC8_1 Pin=U3-7
Added Net: Name=NetC8_1
Added Pin To Net: NetName=NetC8_2 Pin=C8-2
Added Pin To Net: NetName=NetC8_2 Pin=R19-2
Added Pin To Net: NetName=NetC8_2 Pin=R21-1
Added Net: Name=NetC8_2
Added Member To Class: ClassName=Input_Section Member=Component C7 1uF
Added Member To Class: ClassName=Input_Section Member=Component C8 1uF
