Replace Part C45 CAP CER 2200pF 0603 in D:\Bluetooth_Speaker\Circuitry\Filter_Section.SchDoc with CAP CER 2200pF 0603 from Speaker Library.SchLib
Replace Part C46 CAP CER 2200pF 0603 in D:\Bluetooth_Speaker\Circuitry\Filter_Section.SchDoc with CAP CER 2200pF 0603 from Speaker Library.SchLib
Replace Part C47 CAP CER 2200pF 0603 in D:\Bluetooth_Speaker\Circuitry\Filter_Section.SchDoc with CAP CER 2200pF 0603 from Speaker Library.SchLib
Replace Part C48 CAP CER 4700pF 0603 in D:\Bluetooth_Speaker\Circuitry\Filter_Section.SchDoc with CAP CER 4700pF 0603 from Speaker Library.SchLib
Replace Part C49 CAP CER 10nF 0603 in D:\Bluetooth_Speaker\Circuitry\Filter_Section.SchDoc with CAP CER 10nF 0603 from Speaker Library.SchLib
Replace Part C50 CAP CER 1uF 0603 in D:\Bluetooth_Speaker\Circuitry\Filter_Section.SchDoc with CAP CER 1uF 0603 from Speaker Library.SchLib
Replace Part C51 CAP CER 2200pF 0603 in D:\Bluetooth_Speaker\Circuitry\Filter_Section.SchDoc with CAP CER 2200pF 0603 from Speaker Library.SchLib
Replace Part C52 CAP CER 2200pF 0603 in D:\Bluetooth_Speaker\Circuitry\Filter_Section.SchDoc with CAP CER 2200pF 0603 from Speaker Library.SchLib
Replace Part C53 CAP CER 2200pF 0603 in D:\Bluetooth_Speaker\Circuitry\Filter_Section.SchDoc with CAP CER 2200pF 0603 from Speaker Library.SchLib
Replace Part C54 CAP CER 4700pF 0603 in D:\Bluetooth_Speaker\Circuitry\Filter_Section.SchDoc with CAP CER 4700pF 0603 from Speaker Library.SchLib
Replace Part C55 CAP 0.39uF Radial 5mm in D:\Bluetooth_Speaker\Circuitry\Filter_Section.SchDoc with CAP 0.39uF Radial 5mm from Speaker Library.SchLib
Replace Part C56 CAP CER 0.068uF 1206 in D:\Bluetooth_Speaker\Circuitry\Filter_Section.SchDoc with CAP CER 0.068uF 1206 from Speaker Library.SchLib
Replace Part C57 CAP CER 0.1uF 1206 in D:\Bluetooth_Speaker\Circuitry\Filter_Section.SchDoc with CAP CER 0.1uF 1206 from Speaker Library.SchLib
Replace Part C58 CAP CER 0.068uF 1206 in D:\Bluetooth_Speaker\Circuitry\Filter_Section.SchDoc with CAP CER 0.068uF 1206 from Speaker Library.SchLib
Replace Part C59 CAP 0.22uF Radial 5mm in D:\Bluetooth_Speaker\Circuitry\Filter_Section.SchDoc with CAP 0.22uF Radial 5mm from Speaker Library.SchLib
Replace Part C60 CAP 0.22uF Radial 5mm in D:\Bluetooth_Speaker\Circuitry\Filter_Section.SchDoc with CAP 0.22uF Radial 5mm from Speaker Library.SchLib
Replace Part C61 CAP 1uF Radial 5mm in D:\Bluetooth_Speaker\Circuitry\Filter_Section.SchDoc with CAP 1uF Radial 5mm from Speaker Library.SchLib
Replace Part C62 CAP 1uF Radial 5mm in D:\Bluetooth_Speaker\Circuitry\Filter_Section.SchDoc with CAP 1uF Radial 5mm from Speaker Library.SchLib
Replace Part C63 CAP CER 10nF 0603 in D:\Bluetooth_Speaker\Circuitry\Filter_Section.SchDoc with CAP CER 10nF 0603 from Speaker Library.SchLib
Replace Part C64 CAP CER 1uF 0603 in D:\Bluetooth_Speaker\Circuitry\Filter_Section.SchDoc with CAP CER 1uF 0603 from Speaker Library.SchLib
Replace Part POT1 Pot in D:\Bluetooth_Speaker\Circuitry\Filter_Section.SchDoc with Pot from Speaker Library.SchLib
Replace Part POT2 Pot in D:\Bluetooth_Speaker\Circuitry\Filter_Section.SchDoc with Pot from Speaker Library.SchLib
Replace Part R49 RES 10K 0603 in D:\Bluetooth_Speaker\Circuitry\Filter_Section.SchDoc with RES 10K 0603 from Speaker Library.SchLib
Replace Part R50 RES 10K 0603 in D:\Bluetooth_Speaker\Circuitry\Filter_Section.SchDoc with RES 10K 0603 from Speaker Library.SchLib
Replace Part R51 RES 20K 0603 in D:\Bluetooth_Speaker\Circuitry\Filter_Section.SchDoc with RES 20K 0603 from Speaker Library.SchLib
Replace Part R52 RES 10K 0603 in D:\Bluetooth_Speaker\Circuitry\Filter_Section.SchDoc with RES 10K 0603 from Speaker Library.SchLib
Replace Part R53 RES 10K 0603 in D:\Bluetooth_Speaker\Circuitry\Filter_Section.SchDoc with RES 10K 0603 from Speaker Library.SchLib
Replace Part R54 RES 10K 0603 in D:\Bluetooth_Speaker\Circuitry\Filter_Section.SchDoc with RES 10K 0603 from Speaker Library.SchLib
Replace Part R55 RES 20K 0603 in D:\Bluetooth_Speaker\Circuitry\Filter_Section.SchDoc with RES 20K 0603 from Speaker Library.SchLib
Replace Part R56 RES 10K 0603 in D:\Bluetooth_Speaker\Circuitry\Filter_Section.SchDoc with RES 10K 0603 from Speaker Library.SchLib
Replace Part R57 RES 100R 0603 in D:\Bluetooth_Speaker\Circuitry\Filter_Section.SchDoc with RES 100R 0603 from Speaker Library.SchLib
Replace Part R58 RES 13K 0603 in D:\Bluetooth_Speaker\Circuitry\Filter_Section.SchDoc with RES 13K 0603 from Speaker Library.SchLib
Replace Part R59 RES 9K 0603 in D:\Bluetooth_Speaker\Circuitry\Filter_Section.SchDoc with RES 9K 0603 from Speaker Library.SchLib
Replace Part R60 RES 9K 0603 in D:\Bluetooth_Speaker\Circuitry\Filter_Section.SchDoc with RES 9K 0603 from Speaker Library.SchLib
Replace Part R61 RES 10K 0603 in D:\Bluetooth_Speaker\Circuitry\Filter_Section.SchDoc with RES 10K 0603 from Speaker Library.SchLib
Replace Part R62 RES 10K 0603 in D:\Bluetooth_Speaker\Circuitry\Filter_Section.SchDoc with RES 10K 0603 from Speaker Library.SchLib
Replace Part R63 RES 13K 0603 in D:\Bluetooth_Speaker\Circuitry\Filter_Section.SchDoc with RES 13K 0603 from Speaker Library.SchLib
Replace Part R64 RES 35K 0603 in D:\Bluetooth_Speaker\Circuitry\Filter_Section.SchDoc with RES 35K 0603 from Speaker Library.SchLib
Replace Part R65 RES 10K 0603 in D:\Bluetooth_Speaker\Circuitry\Filter_Section.SchDoc with RES 10K 0603 from Speaker Library.SchLib
Replace Part R66 RES 10K 0603 in D:\Bluetooth_Speaker\Circuitry\Filter_Section.SchDoc with RES 10K 0603 from Speaker Library.SchLib
Replace Part R67 RES 35K 0603 in D:\Bluetooth_Speaker\Circuitry\Filter_Section.SchDoc with RES 35K 0603 from Speaker Library.SchLib
Replace Part R70 RES 30K 0603 in D:\Bluetooth_Speaker\Circuitry\Filter_Section.SchDoc with RES 30K 0603 from Speaker Library.SchLib
Replace Part R71 RES 15K 0603 in D:\Bluetooth_Speaker\Circuitry\Filter_Section.SchDoc with RES 15K 0603 from Speaker Library.SchLib
Replace Part R72 RES 100R 0603 in D:\Bluetooth_Speaker\Circuitry\Filter_Section.SchDoc with RES 100R 0603 from Speaker Library.SchLib
Replace Part U7 OPA4134UA in D:\Bluetooth_Speaker\Circuitry\Filter_Section.SchDoc with OPA4134UA from Speaker Library.SchLib
Replace Part U7 OPA4134UA in D:\Bluetooth_Speaker\Circuitry\Filter_Section.SchDoc with OPA4134UA from Speaker Library.SchLib
Replace Part U7 OPA4134UA in D:\Bluetooth_Speaker\Circuitry\Filter_Section.SchDoc with OPA4134UA from Speaker Library.SchLib
Replace Part U7 OPA4134UA in D:\Bluetooth_Speaker\Circuitry\Filter_Section.SchDoc with OPA4134UA from Speaker Library.SchLib
Replace Part U8 OPA2134UA/2K5 in D:\Bluetooth_Speaker\Circuitry\Filter_Section.SchDoc with OPA2134UA/2K5 from Speaker Library.SchLib
Replace Part U8 OPA2134UA/2K5 in D:\Bluetooth_Speaker\Circuitry\Filter_Section.SchDoc with OPA2134UA/2K5 from Speaker Library.SchLib
