Replace Part C10 CAP CER 2200pF 0603 in D:\Bluetooth_Speaker\Circuitry\Filter_Section.SchDoc with CAP CER 2200pF 0603 from Speaker Library.SchLib
Replace Part C12 CAP CER 2200pF 0603 in D:\Bluetooth_Speaker\Circuitry\Filter_Section.SchDoc with CAP CER 2200pF 0603 from Speaker Library.SchLib
Replace Part C15 CAP CER 2200pF 0603 in D:\Bluetooth_Speaker\Circuitry\Filter_Section.SchDoc with CAP CER 2200pF 0603 from Speaker Library.SchLib
Replace Part C16 CAP CER 10nF 0603 in D:\Bluetooth_Speaker\Circuitry\Filter_Section.SchDoc with CAP CER 10nF 0603 from Speaker Library.SchLib
Replace Part C18 CAP CER 2200pF 0603 in D:\Bluetooth_Speaker\Circuitry\Filter_Section.SchDoc with CAP CER 2200pF 0603 from Speaker Library.SchLib
Replace Part C21 CAP 0.39uF Radial 5mm in D:\Bluetooth_Speaker\Circuitry\Filter_Section.SchDoc with CAP 0.39uF Radial 5mm from Speaker Library.SchLib
Replace Part C22 CAP 0.068uF Radial 5mm in D:\Bluetooth_Speaker\Circuitry\Filter_Section.SchDoc with CAP 0.068uF Radial 5mm from Speaker Library.SchLib
Replace Part C23 CAP 0.1uF Radial 5mm in D:\Bluetooth_Speaker\Circuitry\Filter_Section.SchDoc with CAP 0.1uF Radial 5mm from Speaker Library.SchLib
Replace Part C24 CAP 0.068uF Radial 5mm in D:\Bluetooth_Speaker\Circuitry\Filter_Section.SchDoc with CAP 0.068uF Radial 5mm from Speaker Library.SchLib
Replace Part C63 CAP 0.22uF Radial 5mm in D:\Bluetooth_Speaker\Circuitry\Filter_Section.SchDoc with CAP 0.22uF Radial 5mm from Speaker Library.SchLib
Replace Part C64 CAP CER 10nF 0603 in D:\Bluetooth_Speaker\Circuitry\Filter_Section.SchDoc with CAP CER 10nF 0603 from Speaker Library.SchLib
Replace Part C65 CAP 0.22uF Radial 5mm in D:\Bluetooth_Speaker\Circuitry\Filter_Section.SchDoc with CAP 0.22uF Radial 5mm from Speaker Library.SchLib
Replace Part C66 CAP 1uF Radial 5mm in D:\Bluetooth_Speaker\Circuitry\Filter_Section.SchDoc with CAP 1uF Radial 5mm from Speaker Library.SchLib
Replace Part C67 CAP 1uF Radial 5mm in D:\Bluetooth_Speaker\Circuitry\Filter_Section.SchDoc with CAP 1uF Radial 5mm from Speaker Library.SchLib
Replace Part C68 CAP 0.22uF Radial 5mm in D:\Bluetooth_Speaker\Circuitry\Filter_Section.SchDoc with CAP 0.22uF Radial 5mm from Speaker Library.SchLib
Replace Part C69 CAP 0.22uF Radial 5mm in D:\Bluetooth_Speaker\Circuitry\Filter_Section.SchDoc with CAP 0.22uF Radial 5mm from Speaker Library.SchLib
Replace Part C71 CAP CER 1uF 0603 in D:\Bluetooth_Speaker\Circuitry\Filter_Section.SchDoc with CAP CER 1uF 0603 from Speaker Library.SchLib
Replace Part C72 CAP CER 10nF 0603 in D:\Bluetooth_Speaker\Circuitry\Filter_Section.SchDoc with CAP CER 10nF 0603 from Speaker Library.SchLib
Replace Part C73 CAP CER 1uF 0603 in D:\Bluetooth_Speaker\Circuitry\Filter_Section.SchDoc with CAP CER 1uF 0603 from Speaker Library.SchLib
Replace Part C74 CAP CER 1uF 0603 in D:\Bluetooth_Speaker\Circuitry\Filter_Section.SchDoc with CAP CER 1uF 0603 from Speaker Library.SchLib
Replace Part POT1 Pot in D:\Bluetooth_Speaker\Circuitry\Filter_Section.SchDoc with Pot from Speaker Library.SchLib
Replace Part POT2 Pot in D:\Bluetooth_Speaker\Circuitry\Filter_Section.SchDoc with Pot from Speaker Library.SchLib
Replace Part R61 RES 10K 0603 in D:\Bluetooth_Speaker\Circuitry\Filter_Section.SchDoc with RES 10K 0603 from Speaker Library.SchLib
Replace Part R62 RES 10K 0603 in D:\Bluetooth_Speaker\Circuitry\Filter_Section.SchDoc with RES 10K 0603 from Speaker Library.SchLib
Replace Part R63 RES 20K 0603 in D:\Bluetooth_Speaker\Circuitry\Filter_Section.SchDoc with RES 20K 0603 from Speaker Library.SchLib
Replace Part R64 RES 10K 0603 in D:\Bluetooth_Speaker\Circuitry\Filter_Section.SchDoc with RES 10K 0603 from Speaker Library.SchLib
Replace Part R65 RES 10K 0603 in D:\Bluetooth_Speaker\Circuitry\Filter_Section.SchDoc with RES 10K 0603 from Speaker Library.SchLib
Replace Part R66 RES 10K 0603 in D:\Bluetooth_Speaker\Circuitry\Filter_Section.SchDoc with RES 10K 0603 from Speaker Library.SchLib
Replace Part R67 RES 20K 0603 in D:\Bluetooth_Speaker\Circuitry\Filter_Section.SchDoc with RES 20K 0603 from Speaker Library.SchLib
Replace Part R68 RES 10K 0603 in D:\Bluetooth_Speaker\Circuitry\Filter_Section.SchDoc with RES 10K 0603 from Speaker Library.SchLib
Replace Part R69 RES 100R 0603 in D:\Bluetooth_Speaker\Circuitry\Filter_Section.SchDoc with RES 100R 0603 from Speaker Library.SchLib
Replace Part R70 RES 13K 0603 in D:\Bluetooth_Speaker\Circuitry\Filter_Section.SchDoc with RES 13K 0603 from Speaker Library.SchLib
Replace Part R71 RES 9K 0603 in D:\Bluetooth_Speaker\Circuitry\Filter_Section.SchDoc with RES 9K 0603 from Speaker Library.SchLib
Replace Part R72 RES 9K 0603 in D:\Bluetooth_Speaker\Circuitry\Filter_Section.SchDoc with RES 9K 0603 from Speaker Library.SchLib
Replace Part R73 RES 10K 0603 in D:\Bluetooth_Speaker\Circuitry\Filter_Section.SchDoc with RES 10K 0603 from Speaker Library.SchLib
Replace Part R74 RES 10K 0603 in D:\Bluetooth_Speaker\Circuitry\Filter_Section.SchDoc with RES 10K 0603 from Speaker Library.SchLib
Replace Part R75 RES 13K 0603 in D:\Bluetooth_Speaker\Circuitry\Filter_Section.SchDoc with RES 13K 0603 from Speaker Library.SchLib
Replace Part R76 RES 35K 0603 in D:\Bluetooth_Speaker\Circuitry\Filter_Section.SchDoc with RES 35K 0603 from Speaker Library.SchLib
Replace Part R77 RES 35K 0603 in D:\Bluetooth_Speaker\Circuitry\Filter_Section.SchDoc with RES 35K 0603 from Speaker Library.SchLib
Replace Part R78 RES 10K 0603 in D:\Bluetooth_Speaker\Circuitry\Filter_Section.SchDoc with RES 10K 0603 from Speaker Library.SchLib
Replace Part R79 RES 10K 0603 in D:\Bluetooth_Speaker\Circuitry\Filter_Section.SchDoc with RES 10K 0603 from Speaker Library.SchLib
Replace Part R80 RES 30K 0603 in D:\Bluetooth_Speaker\Circuitry\Filter_Section.SchDoc with RES 30K 0603 from Speaker Library.SchLib
Replace Part R81 RES 15K 0603 in D:\Bluetooth_Speaker\Circuitry\Filter_Section.SchDoc with RES 15K 0603 from Speaker Library.SchLib
Replace Part R82 RES 100R 0603 in D:\Bluetooth_Speaker\Circuitry\Filter_Section.SchDoc with RES 100R 0603 from Speaker Library.SchLib
Replace Part R83 RES 100R 0603 in D:\Bluetooth_Speaker\Circuitry\Filter_Section.SchDoc with RES 100R 0603 from Speaker Library.SchLib
Replace Part R84 RES 20K 0603 in D:\Bluetooth_Speaker\Circuitry\Filter_Section.SchDoc with RES 20K 0603 from Speaker Library.SchLib
Replace Part R85 RES 20K 0603 in D:\Bluetooth_Speaker\Circuitry\Filter_Section.SchDoc with RES 20K 0603 from Speaker Library.SchLib
Replace Part R86 RES 30K 0603 in D:\Bluetooth_Speaker\Circuitry\Filter_Section.SchDoc with RES 30K 0603 from Speaker Library.SchLib
Replace Part R87 RES 15K 0603 in D:\Bluetooth_Speaker\Circuitry\Filter_Section.SchDoc with RES 15K 0603 from Speaker Library.SchLib
Replace Part R88 RES 100R 0603 in D:\Bluetooth_Speaker\Circuitry\Filter_Section.SchDoc with RES 100R 0603 from Speaker Library.SchLib
Replace Part U4 OPA4134UA in D:\Bluetooth_Speaker\Circuitry\Filter_Section.SchDoc with OPA4134UA from Speaker Library.SchLib
Replace Part U4 OPA4134UA in D:\Bluetooth_Speaker\Circuitry\Filter_Section.SchDoc with OPA4134UA from Speaker Library.SchLib
Replace Part U4 OPA4134UA in D:\Bluetooth_Speaker\Circuitry\Filter_Section.SchDoc with OPA4134UA from Speaker Library.SchLib
Replace Part U4 OPA4134UA in D:\Bluetooth_Speaker\Circuitry\Filter_Section.SchDoc with OPA4134UA from Speaker Library.SchLib
Replace Part U5 OPA4134UA in D:\Bluetooth_Speaker\Circuitry\Filter_Section.SchDoc with OPA4134UA from Speaker Library.SchLib
Replace Part U5 OPA4134UA in D:\Bluetooth_Speaker\Circuitry\Filter_Section.SchDoc with OPA4134UA from Speaker Library.SchLib
Replace Part U5 OPA4134UA in D:\Bluetooth_Speaker\Circuitry\Filter_Section.SchDoc with OPA4134UA from Speaker Library.SchLib
Replace Part U5 OPA4134UA in D:\Bluetooth_Speaker\Circuitry\Filter_Section.SchDoc with OPA4134UA from Speaker Library.SchLib
Replace Part U6 OPA2134UA/2K5 in D:\Bluetooth_Speaker\Circuitry\Filter_Section.SchDoc with OPA2134UA/2K5 from Speaker Library.SchLib
Replace Part U6 OPA2134UA/2K5 in D:\Bluetooth_Speaker\Circuitry\Filter_Section.SchDoc with OPA2134UA/2K5 from Speaker Library.SchLib
