Replace Part C5 CAP 1uF Radial 5mm in C:\Users\liyif\Documents\GitHub\Bluetooth_Speaker\Circuitry\Input_Section.SchDoc with CAP 1uF Radial 5mm from Speaker Library.SchLib
Replace Part C6 CAP 1uF Radial 5mm in C:\Users\liyif\Documents\GitHub\Bluetooth_Speaker\Circuitry\Input_Section.SchDoc with CAP 1uF Radial 5mm from Speaker Library.SchLib
Replace Part C9 CAP CER 10nF 0603 in C:\Users\liyif\Documents\GitHub\Bluetooth_Speaker\Circuitry\Input_Section.SchDoc with CAP CER 10nF 0603 from Speaker Library.SchLib
Replace Part C70 CAP CER 1uF 0603 in C:\Users\liyif\Documents\GitHub\Bluetooth_Speaker\Circuitry\Input_Section.SchDoc with CAP CER 1uF 0603 from Speaker Library.SchLib
Replace Part J3 3.5mm Audio Jack in C:\Users\liyif\Documents\GitHub\Bluetooth_Speaker\Circuitry\Input_Section.SchDoc with 3.5mm Audio Jack from Speaker Library.SchLib
Replace Part R3 RES 10K 0603 in C:\Users\liyif\Documents\GitHub\Bluetooth_Speaker\Circuitry\Input_Section.SchDoc with RES 10K 0603 from Speaker Library.SchLib
Replace Part R4 RES 1K 0603 in C:\Users\liyif\Documents\GitHub\Bluetooth_Speaker\Circuitry\Input_Section.SchDoc with RES 1K 0603 from Speaker Library.SchLib
Replace Part R5 RES 1K 0603 in C:\Users\liyif\Documents\GitHub\Bluetooth_Speaker\Circuitry\Input_Section.SchDoc with RES 1K 0603 from Speaker Library.SchLib
Replace Part R6 RES 10K 0603 in C:\Users\liyif\Documents\GitHub\Bluetooth_Speaker\Circuitry\Input_Section.SchDoc with RES 10K 0603 from Speaker Library.SchLib
Replace Part R7 RES 1K 0603 in C:\Users\liyif\Documents\GitHub\Bluetooth_Speaker\Circuitry\Input_Section.SchDoc with RES 1K 0603 from Speaker Library.SchLib
Replace Part R8 RES 1K 0603 in C:\Users\liyif\Documents\GitHub\Bluetooth_Speaker\Circuitry\Input_Section.SchDoc with RES 1K 0603 from Speaker Library.SchLib
Replace Part R9 RES 10K 0603 in C:\Users\liyif\Documents\GitHub\Bluetooth_Speaker\Circuitry\Input_Section.SchDoc with RES 10K 0603 from Speaker Library.SchLib
Replace Part R10 RES 10K 0603 in C:\Users\liyif\Documents\GitHub\Bluetooth_Speaker\Circuitry\Input_Section.SchDoc with RES 10K 0603 from Speaker Library.SchLib
Replace Part R11 RES 10K 0603 in C:\Users\liyif\Documents\GitHub\Bluetooth_Speaker\Circuitry\Input_Section.SchDoc with RES 10K 0603 from Speaker Library.SchLib
Replace Part R12 RES 10K 0603 in C:\Users\liyif\Documents\GitHub\Bluetooth_Speaker\Circuitry\Input_Section.SchDoc with RES 10K 0603 from Speaker Library.SchLib
Replace Part R13 RES 1K 0603 in C:\Users\liyif\Documents\GitHub\Bluetooth_Speaker\Circuitry\Input_Section.SchDoc with RES 1K 0603 from Speaker Library.SchLib
Replace Part R14 RES 1K 0603 in C:\Users\liyif\Documents\GitHub\Bluetooth_Speaker\Circuitry\Input_Section.SchDoc with RES 1K 0603 from Speaker Library.SchLib
Replace Part R15 RES 100K 0603 in C:\Users\liyif\Documents\GitHub\Bluetooth_Speaker\Circuitry\Input_Section.SchDoc with RES 100K 0603 from Speaker Library.SchLib
Replace Part R16 RES 10K 0603 in C:\Users\liyif\Documents\GitHub\Bluetooth_Speaker\Circuitry\Input_Section.SchDoc with RES 10K 0603 from Speaker Library.SchLib
Replace Part R17 RES 1K 0603 in C:\Users\liyif\Documents\GitHub\Bluetooth_Speaker\Circuitry\Input_Section.SchDoc with RES 1K 0603 from Speaker Library.SchLib
Replace Part R20 RES 10K 0603 in C:\Users\liyif\Documents\GitHub\Bluetooth_Speaker\Circuitry\Input_Section.SchDoc with RES 10K 0603 from Speaker Library.SchLib
Replace Part R21 RES 10K 0603 in C:\Users\liyif\Documents\GitHub\Bluetooth_Speaker\Circuitry\Input_Section.SchDoc with RES 10K 0603 from Speaker Library.SchLib
Replace Part R22 RES 10K 0603 in C:\Users\liyif\Documents\GitHub\Bluetooth_Speaker\Circuitry\Input_Section.SchDoc with RES 10K 0603 from Speaker Library.SchLib
Replace Part R23 RES 10K 0603 in C:\Users\liyif\Documents\GitHub\Bluetooth_Speaker\Circuitry\Input_Section.SchDoc with RES 10K 0603 from Speaker Library.SchLib
Replace Part R24 RES 10K 0603 in C:\Users\liyif\Documents\GitHub\Bluetooth_Speaker\Circuitry\Input_Section.SchDoc with RES 10K 0603 from Speaker Library.SchLib
Replace Part R25 RES 10K 0603 in C:\Users\liyif\Documents\GitHub\Bluetooth_Speaker\Circuitry\Input_Section.SchDoc with RES 10K 0603 from Speaker Library.SchLib
Replace Part R26 RES 10K 0603 in C:\Users\liyif\Documents\GitHub\Bluetooth_Speaker\Circuitry\Input_Section.SchDoc with RES 10K 0603 from Speaker Library.SchLib
Replace Part R27 RES 1K 0603 in C:\Users\liyif\Documents\GitHub\Bluetooth_Speaker\Circuitry\Input_Section.SchDoc with RES 1K 0603 from Speaker Library.SchLib
Replace Part R28 RES 100K 0603 in C:\Users\liyif\Documents\GitHub\Bluetooth_Speaker\Circuitry\Input_Section.SchDoc with RES 100K 0603 from Speaker Library.SchLib
Replace Part R29 RES 1K 0603 in C:\Users\liyif\Documents\GitHub\Bluetooth_Speaker\Circuitry\Input_Section.SchDoc with RES 1K 0603 from Speaker Library.SchLib
Replace Part R30 RES 100K 0603 in C:\Users\liyif\Documents\GitHub\Bluetooth_Speaker\Circuitry\Input_Section.SchDoc with RES 100K 0603 from Speaker Library.SchLib
Replace Part S1 SPDT Switch in C:\Users\liyif\Documents\GitHub\Bluetooth_Speaker\Circuitry\Input_Section.SchDoc with SPDT Switch from Speaker Library.SchLib
Replace Part U3 OPA4134UA in C:\Users\liyif\Documents\GitHub\Bluetooth_Speaker\Circuitry\Input_Section.SchDoc with OPA4134UA from Speaker Library.SchLib
Replace Part U3 OPA4134UA in C:\Users\liyif\Documents\GitHub\Bluetooth_Speaker\Circuitry\Input_Section.SchDoc with OPA4134UA from Speaker Library.SchLib
Replace Part U3 OPA4134UA in C:\Users\liyif\Documents\GitHub\Bluetooth_Speaker\Circuitry\Input_Section.SchDoc with OPA4134UA from Speaker Library.SchLib
Replace Part U3 OPA4134UA in C:\Users\liyif\Documents\GitHub\Bluetooth_Speaker\Circuitry\Input_Section.SchDoc with OPA4134UA from Speaker Library.SchLib
