Replace Part C1 CAP CER 0.1uF 0603 in D:\Bluetooth_Speaker\Circuitry\Power_Supply.SchDoc with CAP CER 0.1uF 0603 from Speaker Library.SchLib
Replace Part C2 CAP CER 10uF 1206 in D:\Bluetooth_Speaker\Circuitry\Power_Supply.SchDoc with CAP CER 10uF 1206 from Speaker Library.SchLib
Replace Part C51 CAP CER 0.18uF 0603 in D:\Bluetooth_Speaker\Circuitry\Power_Supply.SchDoc with CAP CER 0.18uF 0603 from Speaker Library.SchLib
Replace Part C52 CAP CER 0.01uF 0603 in D:\Bluetooth_Speaker\Circuitry\Power_Supply.SchDoc with CAP CER 0.01uF 0603 from Speaker Library.SchLib
Replace Part C53 CAP CER 1uF 0603 in D:\Bluetooth_Speaker\Circuitry\Power_Supply.SchDoc with CAP CER 1uF 0603 from Speaker Library.SchLib
Replace Part C54 CAP CER 1uF 0603 in D:\Bluetooth_Speaker\Circuitry\Power_Supply.SchDoc with CAP CER 1uF 0603 from Speaker Library.SchLib
Replace Part C55 CAP ALUM 470uF SMD in D:\Bluetooth_Speaker\Circuitry\Power_Supply.SchDoc with CAP ALUM 470uF SMD from Speaker Library.SchLib
Replace Part C56 CAP CER 2200pF 0603 in D:\Bluetooth_Speaker\Circuitry\Power_Supply.SchDoc with CAP CER 2200pF 0603 from Speaker Library.SchLib
Replace Part C57 CAP CER 0.47uF 0603 in D:\Bluetooth_Speaker\Circuitry\Power_Supply.SchDoc with CAP CER 0.47uF 0603 from Speaker Library.SchLib
Replace Part C58 CAP CER 1uF 0603 in D:\Bluetooth_Speaker\Circuitry\Power_Supply.SchDoc with CAP CER 1uF 0603 from Speaker Library.SchLib
Replace Part C59 CAP CER 1uF 0603 in D:\Bluetooth_Speaker\Circuitry\Power_Supply.SchDoc with CAP CER 1uF 0603 from Speaker Library.SchLib
Replace Part C60 CAP ALUM 47uF SMD in D:\Bluetooth_Speaker\Circuitry\Power_Supply.SchDoc with CAP ALUM 47uF SMD from Speaker Library.SchLib
Replace Part C61 CAP ALUM 47uF SMD in D:\Bluetooth_Speaker\Circuitry\Power_Supply.SchDoc with CAP ALUM 47uF SMD from Speaker Library.SchLib
Replace Part C62 CAP ALUM 47uF SMD in D:\Bluetooth_Speaker\Circuitry\Power_Supply.SchDoc with CAP ALUM 47uF SMD from Speaker Library.SchLib
Replace Part D1 MBRD835LT4G in D:\Bluetooth_Speaker\Circuitry\Power_Supply.SchDoc with MBRD835LT4G from Speaker Library.SchLib
Replace Part L5 IND 3.3µH 7A SMD in D:\Bluetooth_Speaker\Circuitry\Power_Supply.SchDoc with IND 3.3µH 7A SMD from Speaker Library.SchLib
Replace Part Q1 CSD16321Q5_DQH_8 in D:\Bluetooth_Speaker\Circuitry\Power_Supply.SchDoc with CSD16321Q5_DQH_8 from Speaker Library.SchLib
Replace Part R50 RES 1.3K 0603 in D:\Bluetooth_Speaker\Circuitry\Power_Supply.SchDoc with RES 1.3K 0603 from Speaker Library.SchLib
Replace Part R51 RES 45.3K 0603 in D:\Bluetooth_Speaker\Circuitry\Power_Supply.SchDoc with RES 45.3K 0603 from Speaker Library.SchLib
Replace Part R53 RES 8.45K 0603 in D:\Bluetooth_Speaker\Circuitry\Power_Supply.SchDoc with RES 8.45K 0603 from Speaker Library.SchLib
Replace Part R54 RES 1K 0603 in D:\Bluetooth_Speaker\Circuitry\Power_Supply.SchDoc with RES 1K 0603 from Speaker Library.SchLib
Replace Part R55 RES 100R 0603 in D:\Bluetooth_Speaker\Circuitry\Power_Supply.SchDoc with RES 100R 0603 from Speaker Library.SchLib
Replace Part R56 RES 64.9K 0603 in D:\Bluetooth_Speaker\Circuitry\Power_Supply.SchDoc with RES 64.9K 0603 from Speaker Library.SchLib
Replace Part R57 RES 0.004R 2512 in D:\Bluetooth_Speaker\Circuitry\Power_Supply.SchDoc with RES 0.004R 2512 from Speaker Library.SchLib
Replace Part U7 LM3481 in D:\Bluetooth_Speaker\Circuitry\Power_Supply.SchDoc with LM3481 from Speaker Library.SchLib
Replace Part U8 LM2937IMP-3.3/NOPB in D:\Bluetooth_Speaker\Circuitry\Power_Supply.SchDoc with LM2937IMP-3.3/NOPB from Speaker Library.SchLib
