Replace Part C25 CAP CER 47pF 0603 in C:\Users\liyif\Documents\GitHub\Bluetooth_Speaker\Circuitry\Power_Section.SchDoc with CAP CER 47pF 0603 from Speaker Library.SchLib
Replace Part C26 CAP CER 1uF 0603 in C:\Users\liyif\Documents\GitHub\Bluetooth_Speaker\Circuitry\Power_Section.SchDoc with CAP CER 1uF 0603 from Speaker Library.SchLib
Replace Part C27 CAP CER 1000pF 0603 in C:\Users\liyif\Documents\GitHub\Bluetooth_Speaker\Circuitry\Power_Section.SchDoc with CAP CER 1000pF 0603 from Speaker Library.SchLib
Replace Part C28 CAP CER 0.22uF 0603 in C:\Users\liyif\Documents\GitHub\Bluetooth_Speaker\Circuitry\Power_Section.SchDoc with CAP CER 0.22uF 0603 from Speaker Library.SchLib
Replace Part C29 CAP CER 0.22uF 0603 in C:\Users\liyif\Documents\GitHub\Bluetooth_Speaker\Circuitry\Power_Section.SchDoc with CAP CER 0.22uF 0603 from Speaker Library.SchLib
Replace Part C30 CAP CER 0.22uF 0603 in C:\Users\liyif\Documents\GitHub\Bluetooth_Speaker\Circuitry\Power_Section.SchDoc with CAP CER 0.22uF 0603 from Speaker Library.SchLib
Replace Part C31 CAP CER 0.22uF 0603 in C:\Users\liyif\Documents\GitHub\Bluetooth_Speaker\Circuitry\Power_Section.SchDoc with CAP CER 0.22uF 0603 from Speaker Library.SchLib
Replace Part C32 CAP CER 1000pF 0603 in C:\Users\liyif\Documents\GitHub\Bluetooth_Speaker\Circuitry\Power_Section.SchDoc with CAP CER 1000pF 0603 from Speaker Library.SchLib
Replace Part C33 CAP CER 0.1uF 0603 in C:\Users\liyif\Documents\GitHub\Bluetooth_Speaker\Circuitry\Power_Section.SchDoc with CAP CER 0.1uF 0603 from Speaker Library.SchLib
Replace Part C34 CAP CER 0.1uF 0603 in C:\Users\liyif\Documents\GitHub\Bluetooth_Speaker\Circuitry\Power_Section.SchDoc with CAP CER 0.1uF 0603 from Speaker Library.SchLib
Replace Part C35 CAP CER 330pF 0603 in C:\Users\liyif\Documents\GitHub\Bluetooth_Speaker\Circuitry\Power_Section.SchDoc with CAP CER 330pF 0603 from Speaker Library.SchLib
Replace Part C36 CAP CER 330pF 0603 in C:\Users\liyif\Documents\GitHub\Bluetooth_Speaker\Circuitry\Power_Section.SchDoc with CAP CER 330pF 0603 from Speaker Library.SchLib
Replace Part C37 CAP CER 330pF 0603 in C:\Users\liyif\Documents\GitHub\Bluetooth_Speaker\Circuitry\Power_Section.SchDoc with CAP CER 330pF 0603 from Speaker Library.SchLib
Replace Part C38 CAP CER 330pF 0603 in C:\Users\liyif\Documents\GitHub\Bluetooth_Speaker\Circuitry\Power_Section.SchDoc with CAP CER 330pF 0603 from Speaker Library.SchLib
Replace Part C39 CAP ALUM 47uF SMD in C:\Users\liyif\Documents\GitHub\Bluetooth_Speaker\Circuitry\Power_Section.SchDoc with CAP ALUM 47uF SMD from Speaker Library.SchLib
Replace Part C40 CAP ALUM 47uF SMD in C:\Users\liyif\Documents\GitHub\Bluetooth_Speaker\Circuitry\Power_Section.SchDoc with CAP ALUM 47uF SMD from Speaker Library.SchLib
Replace Part C41 CAP ALUM 47uF SMD in C:\Users\liyif\Documents\GitHub\Bluetooth_Speaker\Circuitry\Power_Section.SchDoc with CAP ALUM 47uF SMD from Speaker Library.SchLib
Replace Part C42 CAP ALUM 47uF SMD in C:\Users\liyif\Documents\GitHub\Bluetooth_Speaker\Circuitry\Power_Section.SchDoc with CAP ALUM 47uF SMD from Speaker Library.SchLib
Replace Part C43 CAP 0.68uF Radial 5mm in C:\Users\liyif\Documents\GitHub\Bluetooth_Speaker\Circuitry\Power_Section.SchDoc with CAP 0.68uF Radial 5mm from Speaker Library.SchLib
Replace Part C44 CAP 0.68uF Radial 5mm in C:\Users\liyif\Documents\GitHub\Bluetooth_Speaker\Circuitry\Power_Section.SchDoc with CAP 0.68uF Radial 5mm from Speaker Library.SchLib
Replace Part C45 CAP 0.68uF Radial 5mm in C:\Users\liyif\Documents\GitHub\Bluetooth_Speaker\Circuitry\Power_Section.SchDoc with CAP 0.68uF Radial 5mm from Speaker Library.SchLib
Replace Part C46 CAP 0.68uF Radial 5mm in C:\Users\liyif\Documents\GitHub\Bluetooth_Speaker\Circuitry\Power_Section.SchDoc with CAP 0.68uF Radial 5mm from Speaker Library.SchLib
Replace Part C47 CAP CER 0.01uF 0603 in C:\Users\liyif\Documents\GitHub\Bluetooth_Speaker\Circuitry\Power_Section.SchDoc with CAP CER 0.01uF 0603 from Speaker Library.SchLib
Replace Part C48 CAP CER 0.01uF 0603 in C:\Users\liyif\Documents\GitHub\Bluetooth_Speaker\Circuitry\Power_Section.SchDoc with CAP CER 0.01uF 0603 from Speaker Library.SchLib
Replace Part C49 CAP CER 0.01uF 0603 in C:\Users\liyif\Documents\GitHub\Bluetooth_Speaker\Circuitry\Power_Section.SchDoc with CAP CER 0.01uF 0603 from Speaker Library.SchLib
Replace Part C50 CAP CER 0.01uF 0603 in C:\Users\liyif\Documents\GitHub\Bluetooth_Speaker\Circuitry\Power_Section.SchDoc with CAP CER 0.01uF 0603 from Speaker Library.SchLib
Replace Part L1 IND 10uH 5A SMD in C:\Users\liyif\Documents\GitHub\Bluetooth_Speaker\Circuitry\Power_Section.SchDoc with IND 10uH 5A SMD from Speaker Library.SchLib
Replace Part L2 IND 10uH 5A SMD in C:\Users\liyif\Documents\GitHub\Bluetooth_Speaker\Circuitry\Power_Section.SchDoc with IND 10uH 5A SMD from Speaker Library.SchLib
Replace Part L3 IND 10uH 5A SMD in C:\Users\liyif\Documents\GitHub\Bluetooth_Speaker\Circuitry\Power_Section.SchDoc with IND 10uH 5A SMD from Speaker Library.SchLib
Replace Part L4 IND 10uH 5A SMD in C:\Users\liyif\Documents\GitHub\Bluetooth_Speaker\Circuitry\Power_Section.SchDoc with IND 10uH 5A SMD from Speaker Library.SchLib
Replace Part R38 RES 100K 0603 in C:\Users\liyif\Documents\GitHub\Bluetooth_Speaker\Circuitry\Power_Section.SchDoc with RES 100K 0603 from Speaker Library.SchLib
Replace Part R39 RES 100K 0603 in C:\Users\liyif\Documents\GitHub\Bluetooth_Speaker\Circuitry\Power_Section.SchDoc with RES 100K 0603 from Speaker Library.SchLib
Replace Part R40 RES 5.6K 0603 in C:\Users\liyif\Documents\GitHub\Bluetooth_Speaker\Circuitry\Power_Section.SchDoc with RES 5.6K 0603 from Speaker Library.SchLib
Replace Part R41 RES 4.7K 0603 in C:\Users\liyif\Documents\GitHub\Bluetooth_Speaker\Circuitry\Power_Section.SchDoc with RES 4.7K 0603 from Speaker Library.SchLib
Replace Part R42 RES 10R 0805 in C:\Users\liyif\Documents\GitHub\Bluetooth_Speaker\Circuitry\Power_Section.SchDoc with RES 10R 0805 from Speaker Library.SchLib
Replace Part R43 RES 10R 0805 in C:\Users\liyif\Documents\GitHub\Bluetooth_Speaker\Circuitry\Power_Section.SchDoc with RES 10R 0805 from Speaker Library.SchLib
Replace Part R44 RES 10R 0805 in C:\Users\liyif\Documents\GitHub\Bluetooth_Speaker\Circuitry\Power_Section.SchDoc with RES 10R 0805 from Speaker Library.SchLib
Replace Part R45 RES 10R 0805 in C:\Users\liyif\Documents\GitHub\Bluetooth_Speaker\Circuitry\Power_Section.SchDoc with RES 10R 0805 from Speaker Library.SchLib
Replace Part R46 RES 3.32R 0603 in C:\Users\liyif\Documents\GitHub\Bluetooth_Speaker\Circuitry\Power_Section.SchDoc with RES 3.32R 0603 from Speaker Library.SchLib
Replace Part R47 RES 3.32R 0603 in C:\Users\liyif\Documents\GitHub\Bluetooth_Speaker\Circuitry\Power_Section.SchDoc with RES 3.32R 0603 from Speaker Library.SchLib
Replace Part R48 RES 3.32R 0603 in C:\Users\liyif\Documents\GitHub\Bluetooth_Speaker\Circuitry\Power_Section.SchDoc with RES 3.32R 0603 from Speaker Library.SchLib
Replace Part R49 RES 3.32R 0603 in C:\Users\liyif\Documents\GitHub\Bluetooth_Speaker\Circuitry\Power_Section.SchDoc with RES 3.32R 0603 from Speaker Library.SchLib
Replace Part U9 TPA3116D2 in C:\Users\liyif\Documents\GitHub\Bluetooth_Speaker\Circuitry\Power_Section.SchDoc with TPA3116D2 from Speaker Library.SchLib
