Replace Part C3 CAP CER 0.18uF 0603 in C:\Users\liyif\Documents\GitHub\Bluetooth_Speaker\Circuitry\Power_Supply.SchDoc with CAP CER 0.18uF 0603 from Speaker Library.SchLib
Replace Part C4 CAP CER 0.1uF 0603 in C:\Users\liyif\Documents\GitHub\Bluetooth_Speaker\Circuitry\Power_Supply.SchDoc with CAP CER 0.1uF 0603 from Speaker Library.SchLib
Replace Part C5 CAP CER 0.01uF 0603 in C:\Users\liyif\Documents\GitHub\Bluetooth_Speaker\Circuitry\Power_Supply.SchDoc with CAP CER 0.01uF 0603 from Speaker Library.SchLib
Replace Part C6 CAP CER 1uF 0603 in C:\Users\liyif\Documents\GitHub\Bluetooth_Speaker\Circuitry\Power_Supply.SchDoc with CAP CER 1uF 0603 from Speaker Library.SchLib
Replace Part C7 CAP CER 1uF 0603 in C:\Users\liyif\Documents\GitHub\Bluetooth_Speaker\Circuitry\Power_Supply.SchDoc with CAP CER 1uF 0603 from Speaker Library.SchLib
Replace Part C8 CAP ALUM 470uF SMD in C:\Users\liyif\Documents\GitHub\Bluetooth_Speaker\Circuitry\Power_Supply.SchDoc with CAP ALUM 470uF SMD from Speaker Library.SchLib
Replace Part C9 CAP CER 10uF 1206 in C:\Users\liyif\Documents\GitHub\Bluetooth_Speaker\Circuitry\Power_Supply.SchDoc with CAP CER 10uF 1206 from Speaker Library.SchLib
Replace Part C10 CAP CER 2200pF 0603 in C:\Users\liyif\Documents\GitHub\Bluetooth_Speaker\Circuitry\Power_Supply.SchDoc with CAP CER 2200pF 0603 from Speaker Library.SchLib
Replace Part C11 CAP CER 0.47uF 0603 in C:\Users\liyif\Documents\GitHub\Bluetooth_Speaker\Circuitry\Power_Supply.SchDoc with CAP CER 0.47uF 0603 from Speaker Library.SchLib
Replace Part C12 CAP CER 1uF 0603 in C:\Users\liyif\Documents\GitHub\Bluetooth_Speaker\Circuitry\Power_Supply.SchDoc with CAP CER 1uF 0603 from Speaker Library.SchLib
Replace Part C13 CAP CER 1uF 0603 in C:\Users\liyif\Documents\GitHub\Bluetooth_Speaker\Circuitry\Power_Supply.SchDoc with CAP CER 1uF 0603 from Speaker Library.SchLib
Replace Part C14 CAP ALUM 100uF SMD in C:\Users\liyif\Documents\GitHub\Bluetooth_Speaker\Circuitry\Power_Supply.SchDoc with CAP ALUM 100uF SMD from Speaker Library.SchLib
Replace Part D1 MBRD835LT4G in C:\Users\liyif\Documents\GitHub\Bluetooth_Speaker\Circuitry\Power_Supply.SchDoc with MBRD835LT4G from Speaker Library.SchLib
Replace Part L1 IND 3.3µH 7A SMD in C:\Users\liyif\Documents\GitHub\Bluetooth_Speaker\Circuitry\Power_Supply.SchDoc with IND 3.3µH 7A SMD from Speaker Library.SchLib
Replace Part Q2 CSD16321Q5_DQH_8 in C:\Users\liyif\Documents\GitHub\Bluetooth_Speaker\Circuitry\Power_Supply.SchDoc with CSD16321Q5_DQH_8 from Speaker Library.SchLib
Replace Part R3 RES 1.3K 0603 in C:\Users\liyif\Documents\GitHub\Bluetooth_Speaker\Circuitry\Power_Supply.SchDoc with RES 1.3K 0603 from Speaker Library.SchLib
Replace Part R4 RES 45.3K 0603 in C:\Users\liyif\Documents\GitHub\Bluetooth_Speaker\Circuitry\Power_Supply.SchDoc with RES 45.3K 0603 from Speaker Library.SchLib
Replace Part R5 RES 41.2K 0603 in C:\Users\liyif\Documents\GitHub\Bluetooth_Speaker\Circuitry\Power_Supply.SchDoc with RES 41.2K 0603 from Speaker Library.SchLib
Replace Part R6 RES 8.45K 0603 in C:\Users\liyif\Documents\GitHub\Bluetooth_Speaker\Circuitry\Power_Supply.SchDoc with RES 8.45K 0603 from Speaker Library.SchLib
Replace Part R7 RES 1K 0603 in C:\Users\liyif\Documents\GitHub\Bluetooth_Speaker\Circuitry\Power_Supply.SchDoc with RES 1K 0603 from Speaker Library.SchLib
Replace Part R8 RES 100R 0603 in C:\Users\liyif\Documents\GitHub\Bluetooth_Speaker\Circuitry\Power_Supply.SchDoc with RES 100R 0603 from Speaker Library.SchLib
Replace Part R9 RES 64.9K 0603 in C:\Users\liyif\Documents\GitHub\Bluetooth_Speaker\Circuitry\Power_Supply.SchDoc with RES 64.9K 0603 from Speaker Library.SchLib
Replace Part R10 RES 0.004R 2512 in C:\Users\liyif\Documents\GitHub\Bluetooth_Speaker\Circuitry\Power_Supply.SchDoc with RES 0.004R 2512 from Speaker Library.SchLib
Replace Part U3 LM2937IMP-3.3/NOPB in C:\Users\liyif\Documents\GitHub\Bluetooth_Speaker\Circuitry\Power_Supply.SchDoc with LM2937IMP-3.3/NOPB from Speaker Library.SchLib
Replace Part U4 LM3481 in C:\Users\liyif\Documents\GitHub\Bluetooth_Speaker\Circuitry\Power_Supply.SchDoc with LM3481 from Speaker Library.SchLib
