Change Component Designator: Old Designator=C1 New Designator=C4
Change Component Designator: Old Designator=C2 New Designator=C9
Change Component Designator: Old Designator=C51 New Designator=C3
Change Component Designator: Old Designator=C52 New Designator=C5
Change Component Designator: Old Designator=C53 New Designator=C6
Change Component Designator: Old Designator=C54 New Designator=C7
Change Component Designator: Old Designator=C55 New Designator=C8
Change Component Designator: Old Designator=C56 New Designator=C10
Change Component Designator: Old Designator=C57 New Designator=C11
Change Component Designator: Old Designator=C58 New Designator=C12
Change Component Designator: Old Designator=C59 New Designator=C13
Change Component Designator: Old Designator=C60 New Designator=C14
Change Component Designator: Old Designator=L5 New Designator=L1
Change Component Designator: Old Designator=Q1 New Designator=Q2
Change Component Designator: Old Designator=R50 New Designator=R3
Change Component Designator: Old Designator=R51 New Designator=R4
Change Component Designator: Old Designator=R52 New Designator=R5
Change Component Designator: Old Designator=R53 New Designator=R6
Change Component Designator: Old Designator=R54 New Designator=R7
Change Component Designator: Old Designator=R55 New Designator=R8
Change Component Designator: Old Designator=R56 New Designator=R9
Change Component Designator: Old Designator=R57 New Designator=R10
Change Component Designator: Old Designator=U7 New Designator=U4
Change Component Designator: Old Designator=U8 New Designator=U3
